{"C:\\Gonzalo\\SafePay\\backend\\src\\app.controller.ts": {"path":"C:\\Gonzalo\\SafePay\\backend\\src\\app.controller.ts","statementMap":{"0":{"start":{"line":1,"column":0},"end":{"line":1,"column":56}},"1":{"start":{"line":2,"column":0},"end":{"line":2,"column":51}},"2":{"start":{"line":3,"column":0},"end":{"line":3,"column":37}},"3":{"start":{"line":4,"column":0},"end":{"line":4,"column":82}},"4":{"start":{"line":7,"column":7},"end":{"line":27,"column":null}},"5":{"start":{"line":9,"column":41},"end":{"line":9,"column":53}},"6":{"start":{"line":10,"column":21},"end":{"line":10,"column":42}},"7":{"start":{"line":15,"column":17},"end":{"line":15,"column":46}},"8":{"start":{"line":16,"column":4},"end":{"line":20,"column":6}},"9":{"start":{"line":25,"column":4},"end":{"line":25,"column":53}},"10":{"start":{"line":7,"column":13},"end":{"line":7,"column":26}},"11":{"start":{"line":14,"column":8},"end":{"line":21,"column":null}},"12":{"start":{"line":24,"column":2},"end":{"line":26,"column":null}},"13":{"start":{"line":7,"column":13},"end":{"line":27,"column":null}}},"fnMap":{"0":{"name":"(anonymous_4)","decl":{"start":{"line":8,"column":2},"end":{"line":8,"column":null}},"loc":{"start":{"line":10,"column":61},"end":{"line":11,"column":6}}},"1":{"name":"(anonymous_5)","decl":{"start":{"line":14,"column":2},"end":{"line":14,"column":7}},"loc":{"start":{"line":14,"column":14},"end":{"line":21,"column":3}}},"2":{"name":"(anonymous_6)","decl":{"start":{"line":24,"column":2},"end":{"line":24,"column":12}},"loc":{"start":{"line":24,"column":40},"end":{"line":26,"column":3}}}},"branchMap":{"0":{"loc":{"start":{"line":17,"column":14},"end":{"line":17,"column":38}},"type":"cond-expr","locations":[{"start":{"line":17,"column":21},"end":{"line":17,"column":25}},{"start":{"line":17,"column":28},"end":{"line":17,"column":38}}]},"1":{"loc":{"start":{"line":18,"column":10},"end":{"line":18,"column":45}},"type":"cond-expr","locations":[{"start":{"line":18,"column":17},"end":{"line":18,"column":28}},{"start":{"line":18,"column":31},"end":{"line":18,"column":45}}]}},"s":{"0":1,"1":1,"2":1,"3":1,"4":1,"5":1,"6":1,"7":1,"8":1,"9":0,"10":1,"11":1,"12":1,"13":1},"f":{"0":1,"1":1,"2":0},"b":{"0":[1,0],"1":[1,0]}}
,"C:\\Gonzalo\\SafePay\\backend\\src\\app.module.ts": {"path":"C:\\Gonzalo\\SafePay\\backend\\src\\app.module.ts","statementMap":{"0":{"start":{"line":1,"column":0},"end":{"line":1,"column":27}},"1":{"start":{"line":2,"column":0},"end":{"line":2,"column":40}},"2":{"start":{"line":3,"column":0},"end":{"line":3,"column":61}},"3":{"start":{"line":4,"column":0},"end":{"line":4,"column":49}},"4":{"start":{"line":5,"column":0},"end":{"line":5,"column":43}},"5":{"start":{"line":6,"column":0},"end":{"line":6,"column":48}},"6":{"start":{"line":7,"column":0},"end":{"line":7,"column":52}},"7":{"start":{"line":8,"column":0},"end":{"line":8,"column":50}},"8":{"start":{"line":9,"column":0},"end":{"line":9,"column":51}},"9":{"start":{"line":10,"column":0},"end":{"line":10,"column":56}},"10":{"start":{"line":11,"column":0},"end":{"line":11,"column":59}},"11":{"start":{"line":12,"column":0},"end":{"line":12,"column":80}},"12":{"start":{"line":13,"column":0},"end":{"line":13,"column":68}},"13":{"start":{"line":14,"column":0},"end":{"line":14,"column":59}},"14":{"start":{"line":15,"column":0},"end":{"line":15,"column":68}},"15":{"start":{"line":16,"column":0},"end":{"line":16,"column":68}},"16":{"start":{"line":17,"column":0},"end":{"line":17,"column":83}},"17":{"start":{"line":18,"column":0},"end":{"line":18,"column":59}},"18":{"start":{"line":19,"column":0},"end":{"line":19,"column":55}},"19":{"start":{"line":20,"column":0},"end":{"line":20,"column":69}},"20":{"start":{"line":21,"column":0},"end":{"line":21,"column":61}},"21":{"start":{"line":22,"column":0},"end":{"line":22,"column":78}},"22":{"start":{"line":23,"column":0},"end":{"line":23,"column":63}},"23":{"start":{"line":24,"column":0},"end":{"line":24,"column":61}},"24":{"start":{"line":25,"column":0},"end":{"line":25,"column":71}},"25":{"start":{"line":26,"column":0},"end":{"line":26,"column":59}},"26":{"start":{"line":107,"column":7},"end":{"line":107,"column":null}},"27":{"start":{"line":107,"column":13},"end":{"line":107,"column":22}},"28":{"start":{"line":107,"column":13},"end":{"line":107,"column":null}},"29":{"start":{"line":74,"column":25},"end":{"line":85,"column":8}}},"fnMap":{"0":{"name":"(anonymous_1)","decl":{"start":{"line":74,"column":18},"end":{"line":74,"column":21}},"loc":{"start":{"line":74,"column":25},"end":{"line":85,"column":8}}}},"branchMap":{"0":{"loc":{"start":{"line":76,"column":14},"end":{"line":76,"column":48}},"type":"binary-expr","locations":[{"start":{"line":76,"column":14},"end":{"line":76,"column":33}},{"start":{"line":76,"column":37},"end":{"line":76,"column":48}}]},"1":{"loc":{"start":{"line":77,"column":23},"end":{"line":77,"column":52}},"type":"binary-expr","locations":[{"start":{"line":77,"column":23},"end":{"line":77,"column":42}},{"start":{"line":77,"column":46},"end":{"line":77,"column":52}}]},"2":{"loc":{"start":{"line":78,"column":18},"end":{"line":78,"column":53}},"type":"binary-expr","locations":[{"start":{"line":78,"column":18},"end":{"line":78,"column":37}},{"start":{"line":78,"column":41},"end":{"line":78,"column":53}}]}},"s":{"0":0,"1":0,"2":0,"3":0,"4":0,"5":0,"6":0,"7":0,"8":0,"9":0,"10":0,"11":0,"12":0,"13":0,"14":0,"15":0,"16":0,"17":0,"18":0,"19":0,"20":0,"21":0,"22":0,"23":0,"24":0,"25":0,"26":0,"27":0,"28":0,"29":0},"f":{"0":0},"b":{"0":[0,0],"1":[0,0],"2":[0,0]}}
,"C:\\Gonzalo\\SafePay\\backend\\src\\app.service.ts": {"path":"C:\\Gonzalo\\SafePay\\backend\\src\\app.service.ts","statementMap":{"0":{"start":{"line":1,"column":0},"end":{"line":1,"column":44}},"1":{"start":{"line":4,"column":7},"end":{"line":4,"column":null}},"2":{"start":{"line":4,"column":13},"end":{"line":4,"column":23}},"3":{"start":{"line":4,"column":13},"end":{"line":4,"column":null}}},"fnMap":{},"branchMap":{},"s":{"0":0,"1":0,"2":0,"3":0},"f":{},"b":{}}
,"C:\\Gonzalo\\SafePay\\backend\\src\\main.ts": {"path":"C:\\Gonzalo\\SafePay\\backend\\src\\main.ts","statementMap":{"0":{"start":{"line":1,"column":0},"end":{"line":1,"column":23}},"1":{"start":{"line":2,"column":0},"end":{"line":2,"column":27}},"2":{"start":{"line":4,"column":0},"end":{"line":4,"column":64}},"3":{"start":{"line":4,"column":43},"end":{"line":4,"column":62}},"4":{"start":{"line":5,"column":0},"end":{"line":5,"column":54}},"5":{"start":{"line":6,"column":0},"end":{"line":6,"column":76}},"6":{"start":{"line":7,"column":0},"end":{"line":7,"column":46}},"7":{"start":{"line":8,"column":0},"end":{"line":8,"column":41}},"8":{"start":{"line":11,"column":14},"end":{"line":11,"column":68}},"9":{"start":{"line":13,"column":2},"end":{"line":13,"column":26}},"10":{"start":{"line":15,"column":2},"end":{"line":15,"column":80}},"11":{"start":{"line":17,"column":2},"end":{"line":17,"column":32}},"12":{"start":{"line":19,"column":2},"end":{"line":25,"column":4}},"13":{"start":{"line":28,"column":4},"end":{"line":30,"column":58}},"14":{"start":{"line":32,"column":2},"end":{"line":35,"column":5}},"15":{"start":{"line":37,"column":15},"end":{"line":37,"column":39}},"16":{"start":{"line":38,"column":2},"end":{"line":38,"column":25}},"17":{"start":{"line":39,"column":2},"end":{"line":39,"column":75}},"18":{"start":{"line":41,"column":0},"end":{"line":41,"column":12}}},"fnMap":{"0":{"name":"(anonymous_0)","decl":{"start":{"line":4,"column":26},"end":{"line":4,"column":27}},"loc":{"start":{"line":4,"column":43},"end":{"line":4,"column":62}}},"1":{"name":"bootstrap","decl":{"start":{"line":10,"column":15},"end":{"line":10,"column":24}},"loc":{"start":{"line":10,"column":24},"end":{"line":40,"column":1}}}},"branchMap":{"0":{"loc":{"start":{"line":28,"column":4},"end":{"line":30,"column":58}},"type":"cond-expr","locations":[{"start":{"line":29,"column":8},"end":{"line":29,"column":82}},{"start":{"line":30,"column":8},"end":{"line":30,"column":58}}]},"1":{"loc":{"start":{"line":37,"column":15},"end":{"line":37,"column":39}},"type":"binary-expr","locations":[{"start":{"line":37,"column":15},"end":{"line":37,"column":31}},{"start":{"line":37,"column":35},"end":{"line":37,"column":39}}]}},"s":{"0":0,"1":0,"2":0,"3":0,"4":0,"5":0,"6":0,"7":0,"8":0,"9":0,"10":0,"11":0,"12":0,"13":0,"14":0,"15":0,"16":0,"17":0,"18":0},"f":{"0":0,"1":0},"b":{"0":[0,0],"1":[0,0]}}
,"C:\\Gonzalo\\SafePay\\backend\\src\\common\\decorators\\current-user.decorator.ts": {"path":"C:\\Gonzalo\\SafePay\\backend\\src\\common\\decorators\\current-user.decorator.ts","statementMap":{"0":{"start":{"line":1,"column":0},"end":{"line":1,"column":72}},"1":{"start":{"line":3,"column":13},"end":{"line":8,"column":2}},"2":{"start":{"line":5,"column":20},"end":{"line":5,"column":51}},"3":{"start":{"line":6,"column":4},"end":{"line":6,"column":24}}},"fnMap":{"0":{"name":"(anonymous_0)","decl":{"start":{"line":4,"column":2},"end":{"line":4,"column":3}},"loc":{"start":{"line":4,"column":44},"end":{"line":7,"column":3}}}},"branchMap":{},"s":{"0":0,"1":0,"2":0,"3":0},"f":{"0":0},"b":{}}
,"C:\\Gonzalo\\SafePay\\backend\\src\\common\\decorators\\roles.decorator.ts": {"path":"C:\\Gonzalo\\SafePay\\backend\\src\\common\\decorators\\roles.decorator.ts","statementMap":{"0":{"start":{"line":1,"column":0},"end":{"line":1,"column":45}},"1":{"start":{"line":4,"column":13},"end":{"line":4,"column":33}},"2":{"start":{"line":5,"column":21},"end":{"line":5,"column":76}},"3":{"start":{"line":5,"column":47},"end":{"line":5,"column":76}},"4":{"start":{"line":5,"column":13},"end":{"line":5,"column":21}}},"fnMap":{"0":{"name":"(anonymous_0)","decl":{"start":{"line":5,"column":21},"end":{"line":5,"column":22}},"loc":{"start":{"line":5,"column":47},"end":{"line":5,"column":76}}}},"branchMap":{},"s":{"0":0,"1":0,"2":0,"3":0,"4":0},"f":{"0":0},"b":{}}
,"C:\\Gonzalo\\SafePay\\backend\\src\\common\\enums\\index.ts": {"path":"C:\\Gonzalo\\SafePay\\backend\\src\\common\\enums\\index.ts","statementMap":{"0":{"start":{"line":1,"column":0},"end":{"line":1,"column":null}},"1":{"start":{"line":2,"column":2},"end":{"line":2,"column":null}},"2":{"start":{"line":3,"column":2},"end":{"line":3,"column":null}},"3":{"start":{"line":4,"column":2},"end":{"line":4,"column":null}},"4":{"start":{"line":5,"column":2},"end":{"line":5,"column":null}},"5":{"start":{"line":6,"column":2},"end":{"line":6,"column":null}},"6":{"start":{"line":7,"column":2},"end":{"line":7,"column":null}},"7":{"start":{"line":8,"column":2},"end":{"line":8,"column":null}},"8":{"start":{"line":9,"column":2},"end":{"line":9,"column":null}},"9":{"start":{"line":10,"column":2},"end":{"line":10,"column":null}},"10":{"start":{"line":11,"column":2},"end":{"line":11,"column":null}},"11":{"start":{"line":14,"column":0},"end":{"line":14,"column":null}},"12":{"start":{"line":15,"column":2},"end":{"line":15,"column":null}},"13":{"start":{"line":16,"column":2},"end":{"line":16,"column":null}},"14":{"start":{"line":19,"column":0},"end":{"line":19,"column":null}},"15":{"start":{"line":20,"column":2},"end":{"line":20,"column":null}},"16":{"start":{"line":21,"column":2},"end":{"line":21,"column":null}},"17":{"start":{"line":24,"column":0},"end":{"line":24,"column":null}},"18":{"start":{"line":25,"column":2},"end":{"line":25,"column":null}},"19":{"start":{"line":26,"column":2},"end":{"line":26,"column":null}},"20":{"start":{"line":27,"column":2},"end":{"line":27,"column":null}},"21":{"start":{"line":30,"column":0},"end":{"line":30,"column":null}},"22":{"start":{"line":31,"column":2},"end":{"line":31,"column":null}},"23":{"start":{"line":32,"column":2},"end":{"line":32,"column":null}},"24":{"start":{"line":35,"column":0},"end":{"line":35,"column":null}},"25":{"start":{"line":36,"column":2},"end":{"line":36,"column":null}},"26":{"start":{"line":37,"column":2},"end":{"line":37,"column":null}},"27":{"start":{"line":38,"column":2},"end":{"line":38,"column":null}},"28":{"start":{"line":39,"column":2},"end":{"line":39,"column":null}},"29":{"start":{"line":42,"column":0},"end":{"line":42,"column":null}},"30":{"start":{"line":43,"column":2},"end":{"line":43,"column":null}},"31":{"start":{"line":44,"column":2},"end":{"line":44,"column":null}},"32":{"start":{"line":47,"column":0},"end":{"line":47,"column":null}},"33":{"start":{"line":48,"column":2},"end":{"line":48,"column":null}},"34":{"start":{"line":49,"column":2},"end":{"line":49,"column":null}},"35":{"start":{"line":52,"column":0},"end":{"line":52,"column":null}},"36":{"start":{"line":53,"column":2},"end":{"line":53,"column":null}},"37":{"start":{"line":54,"column":2},"end":{"line":54,"column":null}},"38":{"start":{"line":55,"column":2},"end":{"line":55,"column":null}},"39":{"start":{"line":56,"column":2},"end":{"line":56,"column":null}},"40":{"start":{"line":57,"column":2},"end":{"line":57,"column":null}},"41":{"start":{"line":60,"column":0},"end":{"line":60,"column":null}},"42":{"start":{"line":61,"column":2},"end":{"line":61,"column":null}},"43":{"start":{"line":62,"column":2},"end":{"line":62,"column":null}},"44":{"start":{"line":63,"column":2},"end":{"line":63,"column":null}},"45":{"start":{"line":64,"column":2},"end":{"line":64,"column":null}},"46":{"start":{"line":65,"column":2},"end":{"line":65,"column":null}},"47":{"start":{"line":68,"column":0},"end":{"line":68,"column":null}},"48":{"start":{"line":69,"column":2},"end":{"line":69,"column":null}},"49":{"start":{"line":70,"column":2},"end":{"line":70,"column":null}},"50":{"start":{"line":71,"column":2},"end":{"line":71,"column":null}},"51":{"start":{"line":74,"column":0},"end":{"line":74,"column":null}},"52":{"start":{"line":75,"column":2},"end":{"line":75,"column":null}},"53":{"start":{"line":76,"column":2},"end":{"line":76,"column":null}},"54":{"start":{"line":77,"column":2},"end":{"line":77,"column":null}},"55":{"start":{"line":80,"column":0},"end":{"line":80,"column":null}},"56":{"start":{"line":81,"column":2},"end":{"line":81,"column":null}},"57":{"start":{"line":82,"column":2},"end":{"line":82,"column":null}},"58":{"start":{"line":83,"column":2},"end":{"line":83,"column":null}},"59":{"start":{"line":84,"column":2},"end":{"line":84,"column":null}},"60":{"start":{"line":85,"column":2},"end":{"line":85,"column":null}},"61":{"start":{"line":86,"column":2},"end":{"line":86,"column":null}},"62":{"start":{"line":87,"column":2},"end":{"line":87,"column":null}},"63":{"start":{"line":88,"column":2},"end":{"line":88,"column":null}}},"fnMap":{"0":{"name":"(anonymous_0)","decl":{"start":{"line":1,"column":0},"end":{"line":1,"column":12}},"loc":{"start":{"line":1,"column":20},"end":{"line":12,"column":1}}},"1":{"name":"(anonymous_1)","decl":{"start":{"line":14,"column":0},"end":{"line":14,"column":12}},"loc":{"start":{"line":14,"column":18},"end":{"line":17,"column":1}}},"2":{"name":"(anonymous_2)","decl":{"start":{"line":19,"column":0},"end":{"line":19,"column":12}},"loc":{"start":{"line":19,"column":22},"end":{"line":22,"column":1}}},"3":{"name":"(anonymous_3)","decl":{"start":{"line":24,"column":0},"end":{"line":24,"column":12}},"loc":{"start":{"line":24,"column":20},"end":{"line":28,"column":1}}},"4":{"name":"(anonymous_4)","decl":{"start":{"line":30,"column":0},"end":{"line":30,"column":12}},"loc":{"start":{"line":30,"column":20},"end":{"line":33,"column":1}}},"5":{"name":"(anonymous_5)","decl":{"start":{"line":35,"column":0},"end":{"line":35,"column":12}},"loc":{"start":{"line":35,"column":25},"end":{"line":40,"column":1}}},"6":{"name":"(anonymous_6)","decl":{"start":{"line":42,"column":0},"end":{"line":42,"column":12}},"loc":{"start":{"line":42,"column":20},"end":{"line":45,"column":1}}},"7":{"name":"(anonymous_7)","decl":{"start":{"line":47,"column":0},"end":{"line":47,"column":12}},"loc":{"start":{"line":47,"column":23},"end":{"line":50,"column":1}}},"8":{"name":"(anonymous_8)","decl":{"start":{"line":52,"column":0},"end":{"line":52,"column":12}},"loc":{"start":{"line":52,"column":26},"end":{"line":58,"column":1}}},"9":{"name":"(anonymous_9)","decl":{"start":{"line":60,"column":0},"end":{"line":60,"column":12}},"loc":{"start":{"line":60,"column":25},"end":{"line":66,"column":1}}},"10":{"name":"(anonymous_10)","decl":{"start":{"line":68,"column":0},"end":{"line":68,"column":12}},"loc":{"start":{"line":68,"column":25},"end":{"line":72,"column":1}}},"11":{"name":"(anonymous_11)","decl":{"start":{"line":74,"column":0},"end":{"line":74,"column":12}},"loc":{"start":{"line":74,"column":29},"end":{"line":78,"column":1}}},"12":{"name":"(anonymous_12)","decl":{"start":{"line":80,"column":0},"end":{"line":80,"column":12}},"loc":{"start":{"line":80,"column":28},"end":{"line":89,"column":1}}}},"branchMap":{"0":{"loc":{"start":{"line":1,"column":12},"end":{"line":1,"column":null}},"type":"binary-expr","locations":[{"start":{"line":1,"column":12},"end":{"line":1,"column":20}},{"start":{"line":1,"column":20},"end":{"line":1,"column":null}}]},"1":{"loc":{"start":{"line":14,"column":12},"end":{"line":14,"column":null}},"type":"binary-expr","locations":[{"start":{"line":14,"column":12},"end":{"line":14,"column":18}},{"start":{"line":14,"column":18},"end":{"line":14,"column":null}}]},"2":{"loc":{"start":{"line":19,"column":12},"end":{"line":19,"column":null}},"type":"binary-expr","locations":[{"start":{"line":19,"column":12},"end":{"line":19,"column":22}},{"start":{"line":19,"column":22},"end":{"line":19,"column":null}}]},"3":{"loc":{"start":{"line":24,"column":12},"end":{"line":24,"column":null}},"type":"binary-expr","locations":[{"start":{"line":24,"column":12},"end":{"line":24,"column":20}},{"start":{"line":24,"column":20},"end":{"line":24,"column":null}}]},"4":{"loc":{"start":{"line":30,"column":12},"end":{"line":30,"column":null}},"type":"binary-expr","locations":[{"start":{"line":30,"column":12},"end":{"line":30,"column":20}},{"start":{"line":30,"column":20},"end":{"line":30,"column":null}}]},"5":{"loc":{"start":{"line":35,"column":12},"end":{"line":35,"column":null}},"type":"binary-expr","locations":[{"start":{"line":35,"column":12},"end":{"line":35,"column":25}},{"start":{"line":35,"column":25},"end":{"line":35,"column":null}}]},"6":{"loc":{"start":{"line":42,"column":12},"end":{"line":42,"column":null}},"type":"binary-expr","locations":[{"start":{"line":42,"column":12},"end":{"line":42,"column":20}},{"start":{"line":42,"column":20},"end":{"line":42,"column":null}}]},"7":{"loc":{"start":{"line":47,"column":12},"end":{"line":47,"column":null}},"type":"binary-expr","locations":[{"start":{"line":47,"column":12},"end":{"line":47,"column":23}},{"start":{"line":47,"column":23},"end":{"line":47,"column":null}}]},"8":{"loc":{"start":{"line":52,"column":12},"end":{"line":52,"column":null}},"type":"binary-expr","locations":[{"start":{"line":52,"column":12},"end":{"line":52,"column":26}},{"start":{"line":52,"column":26},"end":{"line":52,"column":null}}]},"9":{"loc":{"start":{"line":60,"column":12},"end":{"line":60,"column":null}},"type":"binary-expr","locations":[{"start":{"line":60,"column":12},"end":{"line":60,"column":25}},{"start":{"line":60,"column":25},"end":{"line":60,"column":null}}]},"10":{"loc":{"start":{"line":68,"column":12},"end":{"line":68,"column":null}},"type":"binary-expr","locations":[{"start":{"line":68,"column":12},"end":{"line":68,"column":25}},{"start":{"line":68,"column":25},"end":{"line":68,"column":null}}]},"11":{"loc":{"start":{"line":74,"column":12},"end":{"line":74,"column":null}},"type":"binary-expr","locations":[{"start":{"line":74,"column":12},"end":{"line":74,"column":29}},{"start":{"line":74,"column":29},"end":{"line":74,"column":null}}]},"12":{"loc":{"start":{"line":80,"column":12},"end":{"line":80,"column":null}},"type":"binary-expr","locations":[{"start":{"line":80,"column":12},"end":{"line":80,"column":28}},{"start":{"line":80,"column":28},"end":{"line":80,"column":null}}]}},"s":{"0":4,"1":4,"2":4,"3":4,"4":4,"5":4,"6":4,"7":4,"8":4,"9":4,"10":4,"11":4,"12":4,"13":4,"14":4,"15":4,"16":4,"17":4,"18":4,"19":4,"20":4,"21":4,"22":4,"23":4,"24":4,"25":4,"26":4,"27":4,"28":4,"29":4,"30":4,"31":4,"32":4,"33":4,"34":4,"35":4,"36":4,"37":4,"38":4,"39":4,"40":4,"41":4,"42":4,"43":4,"44":4,"45":4,"46":4,"47":4,"48":4,"49":4,"50":4,"51":4,"52":4,"53":4,"54":4,"55":4,"56":4,"57":4,"58":4,"59":4,"60":4,"61":4,"62":4,"63":4},"f":{"0":4,"1":4,"2":4,"3":4,"4":4,"5":4,"6":4,"7":4,"8":4,"9":4,"10":4,"11":4,"12":4},"b":{"0":[4,4],"1":[4,4],"2":[4,4],"3":[4,4],"4":[4,4],"5":[4,4],"6":[4,4],"7":[4,4],"8":[4,4],"9":[4,4],"10":[4,4],"11":[4,4],"12":[4,4]}}
,"C:\\Gonzalo\\SafePay\\backend\\src\\config\\configuration.ts": {"path":"C:\\Gonzalo\\SafePay\\backend\\src\\config\\configuration.ts","statementMap":{"0":{"start":{"line":1,"column":0},"end":{"line":56,"column":3}},"1":{"start":{"line":1,"column":22},"end":{"line":56,"column":2}}},"fnMap":{"0":{"name":"(anonymous_0)","decl":{"start":{"line":1,"column":15},"end":{"line":1,"column":18}},"loc":{"start":{"line":1,"column":22},"end":{"line":56,"column":2}}}},"branchMap":{"0":{"loc":{"start":{"line":2,"column":17},"end":{"line":2,"column":43}},"type":"binary-expr","locations":[{"start":{"line":2,"column":17},"end":{"line":2,"column":33}},{"start":{"line":2,"column":37},"end":{"line":2,"column":43}}]},"1":{"loc":{"start":{"line":3,"column":11},"end":{"line":3,"column":48}},"type":"binary-expr","locations":[{"start":{"line":3,"column":11},"end":{"line":3,"column":31}},{"start":{"line":3,"column":35},"end":{"line":3,"column":48}}]},"2":{"loc":{"start":{"line":4,"column":10},"end":{"line":4,"column":56}},"type":"binary-expr","locations":[{"start":{"line":4,"column":10},"end":{"line":4,"column":29}},{"start":{"line":4,"column":33},"end":{"line":4,"column":56}}]},"3":{"loc":{"start":{"line":7,"column":10},"end":{"line":7,"column":44}},"type":"binary-expr","locations":[{"start":{"line":7,"column":10},"end":{"line":7,"column":29}},{"start":{"line":7,"column":33},"end":{"line":7,"column":44}}]},"4":{"loc":{"start":{"line":8,"column":19},"end":{"line":8,"column":48}},"type":"binary-expr","locations":[{"start":{"line":8,"column":19},"end":{"line":8,"column":38}},{"start":{"line":8,"column":42},"end":{"line":8,"column":48}}]},"5":{"loc":{"start":{"line":9,"column":10},"end":{"line":9,"column":45}},"type":"binary-expr","locations":[{"start":{"line":9,"column":10},"end":{"line":9,"column":29}},{"start":{"line":9,"column":33},"end":{"line":9,"column":45}}]},"6":{"loc":{"start":{"line":10,"column":10},"end":{"line":10,"column":35}},"type":"binary-expr","locations":[{"start":{"line":10,"column":10},"end":{"line":10,"column":29}},{"start":{"line":10,"column":33},"end":{"line":10,"column":35}}]},"7":{"loc":{"start":{"line":11,"column":10},"end":{"line":11,"column":35}},"type":"binary-expr","locations":[{"start":{"line":11,"column":10},"end":{"line":11,"column":29}},{"start":{"line":11,"column":33},"end":{"line":11,"column":35}}]},"8":{"loc":{"start":{"line":15,"column":12},"end":{"line":15,"column":40}},"type":"binary-expr","locations":[{"start":{"line":15,"column":12},"end":{"line":15,"column":34}},{"start":{"line":15,"column":38},"end":{"line":15,"column":40}}]},"9":{"loc":{"start":{"line":16,"column":15},"end":{"line":16,"column":50}},"type":"binary-expr","locations":[{"start":{"line":16,"column":15},"end":{"line":16,"column":41}},{"start":{"line":16,"column":45},"end":{"line":16,"column":50}}]},"10":{"loc":{"start":{"line":17,"column":19},"end":{"line":17,"column":55}},"type":"binary-expr","locations":[{"start":{"line":17,"column":19},"end":{"line":17,"column":49}},{"start":{"line":17,"column":53},"end":{"line":17,"column":55}}]},"11":{"loc":{"start":{"line":18,"column":20},"end":{"line":18,"column":60}},"type":"binary-expr","locations":[{"start":{"line":18,"column":20},"end":{"line":18,"column":51}},{"start":{"line":18,"column":55},"end":{"line":18,"column":60}}]},"12":{"loc":{"start":{"line":22,"column":11},"end":{"line":22,"column":38}},"type":"binary-expr","locations":[{"start":{"line":22,"column":11},"end":{"line":22,"column":32}},{"start":{"line":22,"column":36},"end":{"line":22,"column":38}}]},"13":{"loc":{"start":{"line":23,"column":18},"end":{"line":23,"column":52}},"type":"binary-expr","locations":[{"start":{"line":23,"column":18},"end":{"line":23,"column":46}},{"start":{"line":23,"column":50},"end":{"line":23,"column":52}}]},"14":{"loc":{"start":{"line":24,"column":19},"end":{"line":24,"column":54}},"type":"binary-expr","locations":[{"start":{"line":24,"column":19},"end":{"line":24,"column":48}},{"start":{"line":24,"column":52},"end":{"line":24,"column":54}}]},"15":{"loc":{"start":{"line":25,"column":29},"end":{"line":25,"column":68}},"type":"binary-expr","locations":[{"start":{"line":25,"column":29},"end":{"line":25,"column":59}},{"start":{"line":25,"column":63},"end":{"line":25,"column":68}}]},"16":{"loc":{"start":{"line":26,"column":19},"end":{"line":26,"column":54}},"type":"binary-expr","locations":[{"start":{"line":26,"column":19},"end":{"line":26,"column":48}},{"start":{"line":26,"column":52},"end":{"line":26,"column":54}}]},"17":{"loc":{"start":{"line":30,"column":9},"end":{"line":30,"column":37}},"type":"binary-expr","locations":[{"start":{"line":30,"column":9},"end":{"line":30,"column":31}},{"start":{"line":30,"column":35},"end":{"line":30,"column":37}}]},"18":{"loc":{"start":{"line":31,"column":11},"end":{"line":31,"column":41}},"type":"binary-expr","locations":[{"start":{"line":31,"column":11},"end":{"line":31,"column":35}},{"start":{"line":31,"column":39},"end":{"line":31,"column":41}}]},"19":{"loc":{"start":{"line":32,"column":16},"end":{"line":32,"column":52}},"type":"binary-expr","locations":[{"start":{"line":32,"column":16},"end":{"line":32,"column":46}},{"start":{"line":32,"column":50},"end":{"line":32,"column":52}}]},"20":{"loc":{"start":{"line":36,"column":14},"end":{"line":36,"column":58}},"type":"binary-expr","locations":[{"start":{"line":36,"column":14},"end":{"line":36,"column":39}},{"start":{"line":36,"column":43},"end":{"line":36,"column":58}}]},"21":{"loc":{"start":{"line":37,"column":12},"end":{"line":37,"column":49}},"type":"binary-expr","locations":[{"start":{"line":37,"column":12},"end":{"line":37,"column":34}},{"start":{"line":37,"column":38},"end":{"line":37,"column":49}}]},"22":{"loc":{"start":{"line":38,"column":17},"end":{"line":38,"column":52}},"type":"binary-expr","locations":[{"start":{"line":38,"column":17},"end":{"line":38,"column":46}},{"start":{"line":38,"column":50},"end":{"line":38,"column":52}}]},"23":{"loc":{"start":{"line":39,"column":21},"end":{"line":39,"column":60}},"type":"binary-expr","locations":[{"start":{"line":39,"column":21},"end":{"line":39,"column":54}},{"start":{"line":39,"column":58},"end":{"line":39,"column":60}}]},"24":{"loc":{"start":{"line":43,"column":9},"end":{"line":43,"column":39}},"type":"binary-expr","locations":[{"start":{"line":43,"column":9},"end":{"line":43,"column":33}},{"start":{"line":43,"column":37},"end":{"line":43,"column":39}}]},"25":{"loc":{"start":{"line":47,"column":12},"end":{"line":47,"column":49}},"type":"binary-expr","locations":[{"start":{"line":47,"column":12},"end":{"line":47,"column":43}},{"start":{"line":47,"column":47},"end":{"line":47,"column":49}}]},"26":{"loc":{"start":{"line":48,"column":13},"end":{"line":48,"column":89}},"type":"binary-expr","locations":[{"start":{"line":48,"column":13},"end":{"line":48,"column":45}},{"start":{"line":48,"column":49},"end":{"line":48,"column":89}}]},"27":{"loc":{"start":{"line":52,"column":11},"end":{"line":52,"column":45}},"type":"binary-expr","locations":[{"start":{"line":52,"column":11},"end":{"line":52,"column":39}},{"start":{"line":52,"column":43},"end":{"line":52,"column":45}}]},"28":{"loc":{"start":{"line":53,"column":19},"end":{"line":53,"column":62}},"type":"binary-expr","locations":[{"start":{"line":53,"column":19},"end":{"line":53,"column":56}},{"start":{"line":53,"column":60},"end":{"line":53,"column":62}}]},"29":{"loc":{"start":{"line":54,"column":13},"end":{"line":54,"column":76}},"type":"binary-expr","locations":[{"start":{"line":54,"column":13},"end":{"line":54,"column":44}},{"start":{"line":54,"column":48},"end":{"line":54,"column":76}}]}},"s":{"0":0,"1":0},"f":{"0":0},"b":{"0":[0,0],"1":[0,0],"2":[0,0],"3":[0,0],"4":[0,0],"5":[0,0],"6":[0,0],"7":[0,0],"8":[0,0],"9":[0,0],"10":[0,0],"11":[0,0],"12":[0,0],"13":[0,0],"14":[0,0],"15":[0,0],"16":[0,0],"17":[0,0],"18":[0,0],"19":[0,0],"20":[0,0],"21":[0,0],"22":[0,0],"23":[0,0],"24":[0,0],"25":[0,0],"26":[0,0],"27":[0,0],"28":[0,0],"29":[0,0]}}
,"C:\\Gonzalo\\SafePay\\backend\\src\\database\\data-source.ts": {"path":"C:\\Gonzalo\\SafePay\\backend\\src\\database\\data-source.ts","statementMap":{"0":{"start":{"line":1,"column":0},"end":{"line":1,"column":23}},"1":{"start":{"line":2,"column":0},"end":{"line":2,"column":37}},"2":{"start":{"line":3,"column":0},"end":{"line":3,"column":46}},"3":{"start":{"line":4,"column":0},"end":{"line":4,"column":60}},"4":{"start":{"line":5,"column":0},"end":{"line":5,"column":52}},"5":{"start":{"line":6,"column":0},"end":{"line":6,"column":69}},"6":{"start":{"line":7,"column":0},"end":{"line":7,"column":54}},"7":{"start":{"line":8,"column":0},"end":{"line":8,"column":52}},"8":{"start":{"line":9,"column":0},"end":{"line":9,"column":62}},"9":{"start":{"line":10,"column":0},"end":{"line":10,"column":50}},"10":{"start":{"line":12,"column":13},"end":{"line":23,"column":3}}},"fnMap":{},"branchMap":{"0":{"loc":{"start":{"line":14,"column":8},"end":{"line":14,"column":42}},"type":"binary-expr","locations":[{"start":{"line":14,"column":8},"end":{"line":14,"column":27}},{"start":{"line":14,"column":31},"end":{"line":14,"column":42}}]},"1":{"loc":{"start":{"line":15,"column":17},"end":{"line":15,"column":46}},"type":"binary-expr","locations":[{"start":{"line":15,"column":17},"end":{"line":15,"column":36}},{"start":{"line":15,"column":40},"end":{"line":15,"column":46}}]},"2":{"loc":{"start":{"line":16,"column":12},"end":{"line":16,"column":47}},"type":"binary-expr","locations":[{"start":{"line":16,"column":12},"end":{"line":16,"column":31}},{"start":{"line":16,"column":35},"end":{"line":16,"column":47}}]}},"s":{"0":0,"1":0,"2":0,"3":0,"4":0,"5":0,"6":0,"7":0,"8":0,"9":0,"10":0},"f":{},"b":{"0":[0,0],"1":[0,0],"2":[0,0]}}
,"C:\\Gonzalo\\SafePay\\backend\\src\\database\\entities\\dispute.entity.ts": {"path":"C:\\Gonzalo\\SafePay\\backend\\src\\database\\entities\\dispute.entity.ts","statementMap":{"0":{"start":{"line":1,"column":0},"end":{"line":1,"column":null}},"1":{"start":{"line":11,"column":0},"end":{"line":11,"column":85}},"2":{"start":{"line":12,"column":0},"end":{"line":12,"column":51}},"3":{"start":{"line":13,"column":0},"end":{"line":13,"column":37}},"4":{"start":{"line":16,"column":7},"end":{"line":61,"column":null}},"5":{"start":{"line":16,"column":13},"end":{"line":16,"column":20}},"6":{"start":{"line":18,"column":2},"end":{"line":18,"column":null}},"7":{"start":{"line":21,"column":2},"end":{"line":21,"column":null}},"8":{"start":{"line":24,"column":2},"end":{"line":24,"column":null}},"9":{"start":{"line":27,"column":2},"end":{"line":27,"column":null}},"10":{"start":{"line":30,"column":2},"end":{"line":30,"column":null}},"11":{"start":{"line":34,"column":2},"end":{"line":34,"column":null}},"12":{"start":{"line":37,"column":2},"end":{"line":37,"column":null}},"13":{"start":{"line":40,"column":2},"end":{"line":40,"column":null}},"14":{"start":{"line":43,"column":2},"end":{"line":43,"column":null}},"15":{"start":{"line":46,"column":2},"end":{"line":46,"column":null}},"16":{"start":{"line":49,"column":2},"end":{"line":49,"column":null}},"17":{"start":{"line":52,"column":2},"end":{"line":52,"column":null}},"18":{"start":{"line":56,"column":2},"end":{"line":56,"column":null}},"19":{"start":{"line":54,"column":18},"end":{"line":54,"column":29}},"20":{"start":{"line":54,"column":39},"end":{"line":54,"column":49}},"21":{"start":{"line":60,"column":2},"end":{"line":60,"column":null}},"22":{"start":{"line":58,"column":19},"end":{"line":58,"column":23}},"23":{"start":{"line":58,"column":32},"end":{"line":58,"column":48}},"24":{"start":{"line":16,"column":13},"end":{"line":61,"column":null}}},"fnMap":{"0":{"name":"(anonymous_2)","decl":{"start":{"line":54,"column":12},"end":{"line":54,"column":15}},"loc":{"start":{"line":54,"column":18},"end":{"line":54,"column":29}}},"1":{"name":"(anonymous_3)","decl":{"start":{"line":54,"column":31},"end":{"line":54,"column":32}},"loc":{"start":{"line":54,"column":39},"end":{"line":54,"column":49}}},"2":{"name":"(anonymous_4)","decl":{"start":{"line":58,"column":13},"end":{"line":58,"column":16}},"loc":{"start":{"line":58,"column":19},"end":{"line":58,"column":23}}},"3":{"name":"(anonymous_5)","decl":{"start":{"line":58,"column":25},"end":{"line":58,"column":26}},"loc":{"start":{"line":58,"column":32},"end":{"line":58,"column":48}}}},"branchMap":{},"s":{"0":4,"1":4,"2":4,"3":4,"4":4,"5":4,"6":4,"7":4,"8":4,"9":4,"10":4,"11":4,"12":4,"13":4,"14":4,"15":4,"16":4,"17":4,"18":4,"19":0,"20":0,"21":4,"22":0,"23":0,"24":4},"f":{"0":0,"1":0,"2":0,"3":0},"b":{}}
,"C:\\Gonzalo\\SafePay\\backend\\src\\database\\entities\\notification.entity.ts": {"path":"C:\\Gonzalo\\SafePay\\backend\\src\\database\\entities\\notification.entity.ts","statementMap":{"0":{"start":{"line":1,"column":0},"end":{"line":1,"column":null}},"1":{"start":{"line":10,"column":0},"end":{"line":10,"column":54}},"2":{"start":{"line":11,"column":0},"end":{"line":11,"column":37}},"3":{"start":{"line":12,"column":0},"end":{"line":12,"column":51}},"4":{"start":{"line":16,"column":7},"end":{"line":51,"column":null}},"5":{"start":{"line":16,"column":13},"end":{"line":16,"column":25}},"6":{"start":{"line":18,"column":2},"end":{"line":18,"column":null}},"7":{"start":{"line":22,"column":2},"end":{"line":22,"column":null}},"8":{"start":{"line":25,"column":2},"end":{"line":25,"column":null}},"9":{"start":{"line":29,"column":2},"end":{"line":29,"column":null}},"10":{"start":{"line":32,"column":2},"end":{"line":32,"column":null}},"11":{"start":{"line":35,"column":2},"end":{"line":35,"column":null}},"12":{"start":{"line":39,"column":2},"end":{"line":39,"column":null}},"13":{"start":{"line":42,"column":2},"end":{"line":42,"column":null}},"14":{"start":{"line":46,"column":2},"end":{"line":46,"column":null}},"15":{"start":{"line":44,"column":19},"end":{"line":44,"column":23}},"16":{"start":{"line":44,"column":32},"end":{"line":44,"column":47}},"17":{"start":{"line":50,"column":2},"end":{"line":50,"column":null}},"18":{"start":{"line":48,"column":19},"end":{"line":48,"column":30}},"19":{"start":{"line":48,"column":40},"end":{"line":48,"column":56}},"20":{"start":{"line":16,"column":13},"end":{"line":51,"column":null}}},"fnMap":{"0":{"name":"(anonymous_2)","decl":{"start":{"line":44,"column":13},"end":{"line":44,"column":16}},"loc":{"start":{"line":44,"column":19},"end":{"line":44,"column":23}}},"1":{"name":"(anonymous_3)","decl":{"start":{"line":44,"column":25},"end":{"line":44,"column":26}},"loc":{"start":{"line":44,"column":32},"end":{"line":44,"column":47}}},"2":{"name":"(anonymous_4)","decl":{"start":{"line":48,"column":13},"end":{"line":48,"column":16}},"loc":{"start":{"line":48,"column":19},"end":{"line":48,"column":30}}},"3":{"name":"(anonymous_5)","decl":{"start":{"line":48,"column":32},"end":{"line":48,"column":33}},"loc":{"start":{"line":48,"column":40},"end":{"line":48,"column":56}}}},"branchMap":{},"s":{"0":4,"1":4,"2":4,"3":4,"4":4,"5":4,"6":4,"7":4,"8":4,"9":4,"10":4,"11":4,"12":4,"13":4,"14":4,"15":0,"16":0,"17":4,"18":0,"19":0,"20":4},"f":{"0":0,"1":0,"2":0,"3":0},"b":{}}
,"C:\\Gonzalo\\SafePay\\backend\\src\\database\\entities\\payment.entity.ts": {"path":"C:\\Gonzalo\\SafePay\\backend\\src\\database\\entities\\payment.entity.ts","statementMap":{"0":{"start":{"line":1,"column":0},"end":{"line":1,"column":null}},"1":{"start":{"line":9,"column":0},"end":{"line":9,"column":51}},"2":{"start":{"line":10,"column":0},"end":{"line":10,"column":51}},"3":{"start":{"line":13,"column":7},"end":{"line":50,"column":null}},"4":{"start":{"line":13,"column":13},"end":{"line":13,"column":20}},"5":{"start":{"line":15,"column":2},"end":{"line":15,"column":null}},"6":{"start":{"line":18,"column":2},"end":{"line":18,"column":null}},"7":{"start":{"line":21,"column":2},"end":{"line":21,"column":null}},"8":{"start":{"line":24,"column":2},"end":{"line":24,"column":null}},"9":{"start":{"line":27,"column":2},"end":{"line":27,"column":null}},"10":{"start":{"line":30,"column":2},"end":{"line":30,"column":null}},"11":{"start":{"line":33,"column":2},"end":{"line":33,"column":null}},"12":{"start":{"line":36,"column":2},"end":{"line":36,"column":null}},"13":{"start":{"line":39,"column":2},"end":{"line":39,"column":null}},"14":{"start":{"line":42,"column":2},"end":{"line":42,"column":null}},"15":{"start":{"line":45,"column":2},"end":{"line":45,"column":null}},"16":{"start":{"line":49,"column":2},"end":{"line":49,"column":null}},"17":{"start":{"line":47,"column":18},"end":{"line":47,"column":29}},"18":{"start":{"line":47,"column":39},"end":{"line":47,"column":49}},"19":{"start":{"line":13,"column":13},"end":{"line":50,"column":null}}},"fnMap":{"0":{"name":"(anonymous_2)","decl":{"start":{"line":47,"column":12},"end":{"line":47,"column":15}},"loc":{"start":{"line":47,"column":18},"end":{"line":47,"column":29}}},"1":{"name":"(anonymous_3)","decl":{"start":{"line":47,"column":31},"end":{"line":47,"column":32}},"loc":{"start":{"line":47,"column":39},"end":{"line":47,"column":49}}}},"branchMap":{},"s":{"0":4,"1":4,"2":4,"3":4,"4":4,"5":4,"6":4,"7":4,"8":4,"9":4,"10":4,"11":4,"12":4,"13":4,"14":4,"15":4,"16":4,"17":0,"18":0,"19":4},"f":{"0":0,"1":0},"b":{}}
,"C:\\Gonzalo\\SafePay\\backend\\src\\database\\entities\\rating.entity.ts": {"path":"C:\\Gonzalo\\SafePay\\backend\\src\\database\\entities\\rating.entity.ts","statementMap":{"0":{"start":{"line":1,"column":0},"end":{"line":1,"column":null}},"1":{"start":{"line":9,"column":0},"end":{"line":9,"column":51}},"2":{"start":{"line":10,"column":0},"end":{"line":10,"column":37}},"3":{"start":{"line":13,"column":7},"end":{"line":46,"column":null}},"4":{"start":{"line":13,"column":13},"end":{"line":13,"column":19}},"5":{"start":{"line":15,"column":2},"end":{"line":15,"column":null}},"6":{"start":{"line":18,"column":2},"end":{"line":18,"column":null}},"7":{"start":{"line":21,"column":2},"end":{"line":21,"column":null}},"8":{"start":{"line":24,"column":2},"end":{"line":24,"column":null}},"9":{"start":{"line":27,"column":2},"end":{"line":27,"column":null}},"10":{"start":{"line":30,"column":2},"end":{"line":30,"column":null}},"11":{"start":{"line":33,"column":2},"end":{"line":33,"column":null}},"12":{"start":{"line":37,"column":2},"end":{"line":37,"column":null}},"13":{"start":{"line":35,"column":19},"end":{"line":35,"column":30}},"14":{"start":{"line":35,"column":40},"end":{"line":35,"column":50}},"15":{"start":{"line":41,"column":2},"end":{"line":41,"column":null}},"16":{"start":{"line":39,"column":19},"end":{"line":39,"column":23}},"17":{"start":{"line":39,"column":32},"end":{"line":39,"column":46}},"18":{"start":{"line":45,"column":2},"end":{"line":45,"column":null}},"19":{"start":{"line":43,"column":19},"end":{"line":43,"column":23}},"20":{"start":{"line":43,"column":32},"end":{"line":43,"column":49}},"21":{"start":{"line":13,"column":13},"end":{"line":46,"column":null}}},"fnMap":{"0":{"name":"(anonymous_2)","decl":{"start":{"line":35,"column":13},"end":{"line":35,"column":16}},"loc":{"start":{"line":35,"column":19},"end":{"line":35,"column":30}}},"1":{"name":"(anonymous_3)","decl":{"start":{"line":35,"column":32},"end":{"line":35,"column":33}},"loc":{"start":{"line":35,"column":40},"end":{"line":35,"column":50}}},"2":{"name":"(anonymous_4)","decl":{"start":{"line":39,"column":13},"end":{"line":39,"column":16}},"loc":{"start":{"line":39,"column":19},"end":{"line":39,"column":23}}},"3":{"name":"(anonymous_5)","decl":{"start":{"line":39,"column":25},"end":{"line":39,"column":26}},"loc":{"start":{"line":39,"column":32},"end":{"line":39,"column":46}}},"4":{"name":"(anonymous_6)","decl":{"start":{"line":43,"column":13},"end":{"line":43,"column":16}},"loc":{"start":{"line":43,"column":19},"end":{"line":43,"column":23}}},"5":{"name":"(anonymous_7)","decl":{"start":{"line":43,"column":25},"end":{"line":43,"column":26}},"loc":{"start":{"line":43,"column":32},"end":{"line":43,"column":49}}}},"branchMap":{},"s":{"0":4,"1":4,"2":4,"3":4,"4":4,"5":4,"6":4,"7":4,"8":4,"9":4,"10":4,"11":4,"12":4,"13":0,"14":0,"15":4,"16":0,"17":0,"18":4,"19":0,"20":0,"21":4},"f":{"0":0,"1":0,"2":0,"3":0,"4":0,"5":0},"b":{}}
,"C:\\Gonzalo\\SafePay\\backend\\src\\database\\entities\\shipment.entity.ts": {"path":"C:\\Gonzalo\\SafePay\\backend\\src\\database\\entities\\shipment.entity.ts","statementMap":{"0":{"start":{"line":1,"column":0},"end":{"line":1,"column":null}},"1":{"start":{"line":10,"column":0},"end":{"line":10,"column":65}},"2":{"start":{"line":11,"column":0},"end":{"line":11,"column":51}},"3":{"start":{"line":14,"column":7},"end":{"line":46,"column":null}},"4":{"start":{"line":14,"column":13},"end":{"line":14,"column":21}},"5":{"start":{"line":16,"column":2},"end":{"line":16,"column":null}},"6":{"start":{"line":19,"column":2},"end":{"line":19,"column":null}},"7":{"start":{"line":22,"column":2},"end":{"line":22,"column":null}},"8":{"start":{"line":25,"column":2},"end":{"line":25,"column":null}},"9":{"start":{"line":29,"column":2},"end":{"line":29,"column":null}},"10":{"start":{"line":32,"column":2},"end":{"line":32,"column":null}},"11":{"start":{"line":35,"column":2},"end":{"line":35,"column":null}},"12":{"start":{"line":38,"column":2},"end":{"line":38,"column":null}},"13":{"start":{"line":41,"column":2},"end":{"line":41,"column":null}},"14":{"start":{"line":45,"column":2},"end":{"line":45,"column":null}},"15":{"start":{"line":43,"column":18},"end":{"line":43,"column":29}},"16":{"start":{"line":43,"column":39},"end":{"line":43,"column":50}},"17":{"start":{"line":14,"column":13},"end":{"line":46,"column":null}}},"fnMap":{"0":{"name":"(anonymous_2)","decl":{"start":{"line":43,"column":12},"end":{"line":43,"column":15}},"loc":{"start":{"line":43,"column":18},"end":{"line":43,"column":29}}},"1":{"name":"(anonymous_3)","decl":{"start":{"line":43,"column":31},"end":{"line":43,"column":32}},"loc":{"start":{"line":43,"column":39},"end":{"line":43,"column":50}}}},"branchMap":{},"s":{"0":4,"1":4,"2":4,"3":4,"4":4,"5":4,"6":4,"7":4,"8":4,"9":4,"10":4,"11":4,"12":4,"13":4,"14":4,"15":0,"16":0,"17":4},"f":{"0":0,"1":0},"b":{}}
,"C:\\Gonzalo\\SafePay\\backend\\src\\database\\entities\\transaction-file.entity.ts": {"path":"C:\\Gonzalo\\SafePay\\backend\\src\\database\\entities\\transaction-file.entity.ts","statementMap":{"0":{"start":{"line":1,"column":0},"end":{"line":1,"column":null}},"1":{"start":{"line":10,"column":0},"end":{"line":10,"column":46}},"2":{"start":{"line":11,"column":0},"end":{"line":11,"column":51}},"3":{"start":{"line":12,"column":0},"end":{"line":12,"column":37}},"4":{"start":{"line":16,"column":7},"end":{"line":49,"column":null}},"5":{"start":{"line":16,"column":13},"end":{"line":16,"column":28}},"6":{"start":{"line":18,"column":2},"end":{"line":18,"column":null}},"7":{"start":{"line":21,"column":2},"end":{"line":21,"column":null}},"8":{"start":{"line":24,"column":2},"end":{"line":24,"column":null}},"9":{"start":{"line":28,"column":2},"end":{"line":28,"column":null}},"10":{"start":{"line":31,"column":2},"end":{"line":31,"column":null}},"11":{"start":{"line":34,"column":2},"end":{"line":34,"column":null}},"12":{"start":{"line":37,"column":2},"end":{"line":37,"column":null}},"13":{"start":{"line":40,"column":2},"end":{"line":40,"column":null}},"14":{"start":{"line":44,"column":2},"end":{"line":44,"column":null}},"15":{"start":{"line":42,"column":19},"end":{"line":42,"column":30}},"16":{"start":{"line":42,"column":40},"end":{"line":42,"column":48}},"17":{"start":{"line":48,"column":2},"end":{"line":48,"column":null}},"18":{"start":{"line":46,"column":19},"end":{"line":46,"column":23}},"19":{"start":{"line":46,"column":32},"end":{"line":46,"column":47}},"20":{"start":{"line":16,"column":13},"end":{"line":49,"column":null}}},"fnMap":{"0":{"name":"(anonymous_2)","decl":{"start":{"line":42,"column":13},"end":{"line":42,"column":16}},"loc":{"start":{"line":42,"column":19},"end":{"line":42,"column":30}}},"1":{"name":"(anonymous_3)","decl":{"start":{"line":42,"column":32},"end":{"line":42,"column":33}},"loc":{"start":{"line":42,"column":40},"end":{"line":42,"column":48}}},"2":{"name":"(anonymous_4)","decl":{"start":{"line":46,"column":13},"end":{"line":46,"column":16}},"loc":{"start":{"line":46,"column":19},"end":{"line":46,"column":23}}},"3":{"name":"(anonymous_5)","decl":{"start":{"line":46,"column":25},"end":{"line":46,"column":26}},"loc":{"start":{"line":46,"column":32},"end":{"line":46,"column":47}}}},"branchMap":{},"s":{"0":4,"1":4,"2":4,"3":4,"4":4,"5":4,"6":4,"7":4,"8":4,"9":4,"10":4,"11":4,"12":4,"13":4,"14":4,"15":0,"16":0,"17":4,"18":0,"19":0,"20":4},"f":{"0":0,"1":0,"2":0,"3":0},"b":{}}
,"C:\\Gonzalo\\SafePay\\backend\\src\\database\\entities\\transaction.entity.ts": {"path":"C:\\Gonzalo\\SafePay\\backend\\src\\database\\entities\\transaction.entity.ts","statementMap":{"0":{"start":{"line":1,"column":0},"end":{"line":1,"column":null}},"1":{"start":{"line":12,"column":0},"end":{"line":12,"column":76}},"2":{"start":{"line":13,"column":0},"end":{"line":13,"column":37}},"3":{"start":{"line":14,"column":0},"end":{"line":14,"column":43}},"4":{"start":{"line":15,"column":0},"end":{"line":15,"column":60}},"5":{"start":{"line":16,"column":0},"end":{"line":16,"column":45}},"6":{"start":{"line":17,"column":0},"end":{"line":17,"column":43}},"7":{"start":{"line":18,"column":0},"end":{"line":18,"column":53}},"8":{"start":{"line":19,"column":0},"end":{"line":19,"column":41}},"9":{"start":{"line":24,"column":7},"end":{"line":102,"column":null}},"10":{"start":{"line":24,"column":13},"end":{"line":24,"column":24}},"11":{"start":{"line":26,"column":2},"end":{"line":26,"column":null}},"12":{"start":{"line":29,"column":2},"end":{"line":29,"column":null}},"13":{"start":{"line":32,"column":2},"end":{"line":32,"column":null}},"14":{"start":{"line":35,"column":2},"end":{"line":35,"column":null}},"15":{"start":{"line":38,"column":2},"end":{"line":38,"column":null}},"16":{"start":{"line":42,"column":2},"end":{"line":42,"column":null}},"17":{"start":{"line":45,"column":2},"end":{"line":45,"column":null}},"18":{"start":{"line":48,"column":2},"end":{"line":48,"column":null}},"19":{"start":{"line":51,"column":2},"end":{"line":51,"column":null}},"20":{"start":{"line":55,"column":2},"end":{"line":55,"column":null}},"21":{"start":{"line":58,"column":2},"end":{"line":58,"column":null}},"22":{"start":{"line":61,"column":2},"end":{"line":61,"column":null}},"23":{"start":{"line":65,"column":2},"end":{"line":65,"column":null}},"24":{"start":{"line":69,"column":2},"end":{"line":69,"column":null}},"25":{"start":{"line":72,"column":2},"end":{"line":72,"column":null}},"26":{"start":{"line":75,"column":2},"end":{"line":75,"column":null}},"27":{"start":{"line":79,"column":2},"end":{"line":79,"column":null}},"28":{"start":{"line":77,"column":19},"end":{"line":77,"column":23}},"29":{"start":{"line":77,"column":32},"end":{"line":77,"column":55}},"30":{"start":{"line":83,"column":2},"end":{"line":83,"column":null}},"31":{"start":{"line":81,"column":19},"end":{"line":81,"column":23}},"32":{"start":{"line":81,"column":32},"end":{"line":81,"column":57}},"33":{"start":{"line":86,"column":2},"end":{"line":86,"column":null}},"34":{"start":{"line":85,"column":18},"end":{"line":85,"column":25}},"35":{"start":{"line":85,"column":34},"end":{"line":85,"column":47}},"36":{"start":{"line":89,"column":2},"end":{"line":89,"column":null}},"37":{"start":{"line":88,"column":19},"end":{"line":88,"column":34}},"38":{"start":{"line":88,"column":43},"end":{"line":88,"column":56}},"39":{"start":{"line":92,"column":2},"end":{"line":92,"column":null}},"40":{"start":{"line":91,"column":18},"end":{"line":91,"column":26}},"41":{"start":{"line":91,"column":35},"end":{"line":91,"column":48}},"42":{"start":{"line":95,"column":2},"end":{"line":95,"column":null}},"43":{"start":{"line":94,"column":18},"end":{"line":94,"column":25}},"44":{"start":{"line":94,"column":34},"end":{"line":94,"column":47}},"45":{"start":{"line":98,"column":2},"end":{"line":98,"column":null}},"46":{"start":{"line":97,"column":19},"end":{"line":97,"column":31}},"47":{"start":{"line":97,"column":40},"end":{"line":97,"column":53}},"48":{"start":{"line":101,"column":2},"end":{"line":101,"column":null}},"49":{"start":{"line":100,"column":19},"end":{"line":100,"column":25}},"50":{"start":{"line":100,"column":34},"end":{"line":100,"column":47}},"51":{"start":{"line":24,"column":13},"end":{"line":102,"column":null}}},"fnMap":{"0":{"name":"(anonymous_2)","decl":{"start":{"line":77,"column":13},"end":{"line":77,"column":16}},"loc":{"start":{"line":77,"column":19},"end":{"line":77,"column":23}}},"1":{"name":"(anonymous_3)","decl":{"start":{"line":77,"column":25},"end":{"line":77,"column":26}},"loc":{"start":{"line":77,"column":32},"end":{"line":77,"column":55}}},"2":{"name":"(anonymous_4)","decl":{"start":{"line":81,"column":13},"end":{"line":81,"column":16}},"loc":{"start":{"line":81,"column":19},"end":{"line":81,"column":23}}},"3":{"name":"(anonymous_5)","decl":{"start":{"line":81,"column":25},"end":{"line":81,"column":26}},"loc":{"start":{"line":81,"column":32},"end":{"line":81,"column":57}}},"4":{"name":"(anonymous_6)","decl":{"start":{"line":85,"column":12},"end":{"line":85,"column":15}},"loc":{"start":{"line":85,"column":18},"end":{"line":85,"column":25}}},"5":{"name":"(anonymous_7)","decl":{"start":{"line":85,"column":27},"end":{"line":85,"column":28}},"loc":{"start":{"line":85,"column":34},"end":{"line":85,"column":47}}},"6":{"name":"(anonymous_8)","decl":{"start":{"line":88,"column":13},"end":{"line":88,"column":16}},"loc":{"start":{"line":88,"column":19},"end":{"line":88,"column":34}}},"7":{"name":"(anonymous_9)","decl":{"start":{"line":88,"column":36},"end":{"line":88,"column":37}},"loc":{"start":{"line":88,"column":43},"end":{"line":88,"column":56}}},"8":{"name":"(anonymous_10)","decl":{"start":{"line":91,"column":12},"end":{"line":91,"column":15}},"loc":{"start":{"line":91,"column":18},"end":{"line":91,"column":26}}},"9":{"name":"(anonymous_11)","decl":{"start":{"line":91,"column":28},"end":{"line":91,"column":29}},"loc":{"start":{"line":91,"column":35},"end":{"line":91,"column":48}}},"10":{"name":"(anonymous_12)","decl":{"start":{"line":94,"column":12},"end":{"line":94,"column":15}},"loc":{"start":{"line":94,"column":18},"end":{"line":94,"column":25}}},"11":{"name":"(anonymous_13)","decl":{"start":{"line":94,"column":27},"end":{"line":94,"column":28}},"loc":{"start":{"line":94,"column":34},"end":{"line":94,"column":47}}},"12":{"name":"(anonymous_14)","decl":{"start":{"line":97,"column":13},"end":{"line":97,"column":16}},"loc":{"start":{"line":97,"column":19},"end":{"line":97,"column":31}}},"13":{"name":"(anonymous_15)","decl":{"start":{"line":97,"column":33},"end":{"line":97,"column":34}},"loc":{"start":{"line":97,"column":40},"end":{"line":97,"column":53}}},"14":{"name":"(anonymous_16)","decl":{"start":{"line":100,"column":13},"end":{"line":100,"column":16}},"loc":{"start":{"line":100,"column":19},"end":{"line":100,"column":25}}},"15":{"name":"(anonymous_17)","decl":{"start":{"line":100,"column":27},"end":{"line":100,"column":28}},"loc":{"start":{"line":100,"column":34},"end":{"line":100,"column":47}}}},"branchMap":{},"s":{"0":4,"1":4,"2":4,"3":4,"4":4,"5":4,"6":4,"7":4,"8":4,"9":4,"10":4,"11":4,"12":4,"13":4,"14":4,"15":4,"16":4,"17":4,"18":4,"19":4,"20":4,"21":4,"22":4,"23":4,"24":4,"25":4,"26":4,"27":4,"28":0,"29":0,"30":4,"31":0,"32":0,"33":4,"34":0,"35":0,"36":4,"37":0,"38":0,"39":4,"40":0,"41":0,"42":4,"43":0,"44":0,"45":4,"46":0,"47":0,"48":4,"49":0,"50":0,"51":4},"f":{"0":0,"1":0,"2":0,"3":0,"4":0,"5":0,"6":0,"7":0,"8":0,"9":0,"10":0,"11":0,"12":0,"13":0,"14":0,"15":0},"b":{}}
,"C:\\Gonzalo\\SafePay\\backend\\src\\database\\entities\\user.entity.ts": {"path":"C:\\Gonzalo\\SafePay\\backend\\src\\database\\entities\\user.entity.ts","statementMap":{"0":{"start":{"line":1,"column":0},"end":{"line":1,"column":null}},"1":{"start":{"line":9,"column":0},"end":{"line":9,"column":44}},"2":{"start":{"line":10,"column":0},"end":{"line":10,"column":46}},"3":{"start":{"line":11,"column":0},"end":{"line":11,"column":51}},"4":{"start":{"line":12,"column":0},"end":{"line":12,"column":53}},"5":{"start":{"line":13,"column":0},"end":{"line":13,"column":41}},"6":{"start":{"line":14,"column":0},"end":{"line":14,"column":60}},"7":{"start":{"line":15,"column":0},"end":{"line":15,"column":43}},"8":{"start":{"line":18,"column":7},"end":{"line":90,"column":null}},"9":{"start":{"line":18,"column":13},"end":{"line":18,"column":17}},"10":{"start":{"line":20,"column":2},"end":{"line":20,"column":null}},"11":{"start":{"line":23,"column":2},"end":{"line":23,"column":null}},"12":{"start":{"line":26,"column":2},"end":{"line":26,"column":null}},"13":{"start":{"line":29,"column":2},"end":{"line":29,"column":null}},"14":{"start":{"line":32,"column":2},"end":{"line":32,"column":null}},"15":{"start":{"line":35,"column":2},"end":{"line":35,"column":null}},"16":{"start":{"line":38,"column":2},"end":{"line":38,"column":null}},"17":{"start":{"line":42,"column":2},"end":{"line":42,"column":null}},"18":{"start":{"line":46,"column":2},"end":{"line":46,"column":null}},"19":{"start":{"line":49,"column":2},"end":{"line":49,"column":null}},"20":{"start":{"line":52,"column":2},"end":{"line":52,"column":null}},"21":{"start":{"line":55,"column":2},"end":{"line":55,"column":null}},"22":{"start":{"line":58,"column":2},"end":{"line":58,"column":null}},"23":{"start":{"line":62,"column":2},"end":{"line":62,"column":null}},"24":{"start":{"line":65,"column":2},"end":{"line":65,"column":null}},"25":{"start":{"line":68,"column":2},"end":{"line":68,"column":null}},"26":{"start":{"line":71,"column":2},"end":{"line":71,"column":null}},"27":{"start":{"line":70,"column":19},"end":{"line":70,"column":30}},"28":{"start":{"line":70,"column":40},"end":{"line":70,"column":52}},"29":{"start":{"line":74,"column":2},"end":{"line":74,"column":null}},"30":{"start":{"line":73,"column":19},"end":{"line":73,"column":30}},"31":{"start":{"line":73,"column":40},"end":{"line":73,"column":54}},"32":{"start":{"line":77,"column":2},"end":{"line":77,"column":null}},"33":{"start":{"line":76,"column":19},"end":{"line":76,"column":34}},"34":{"start":{"line":76,"column":43},"end":{"line":76,"column":55}},"35":{"start":{"line":80,"column":2},"end":{"line":80,"column":null}},"36":{"start":{"line":79,"column":19},"end":{"line":79,"column":26}},"37":{"start":{"line":79,"column":35},"end":{"line":79,"column":45}},"38":{"start":{"line":83,"column":2},"end":{"line":83,"column":null}},"39":{"start":{"line":82,"column":19},"end":{"line":82,"column":31}},"40":{"start":{"line":82,"column":40},"end":{"line":82,"column":46}},"41":{"start":{"line":86,"column":2},"end":{"line":86,"column":null}},"42":{"start":{"line":85,"column":19},"end":{"line":85,"column":25}},"43":{"start":{"line":85,"column":34},"end":{"line":85,"column":43}},"44":{"start":{"line":89,"column":2},"end":{"line":89,"column":null}},"45":{"start":{"line":88,"column":19},"end":{"line":88,"column":25}},"46":{"start":{"line":88,"column":34},"end":{"line":88,"column":45}},"47":{"start":{"line":18,"column":13},"end":{"line":90,"column":null}}},"fnMap":{"0":{"name":"(anonymous_2)","decl":{"start":{"line":70,"column":13},"end":{"line":70,"column":16}},"loc":{"start":{"line":70,"column":19},"end":{"line":70,"column":30}}},"1":{"name":"(anonymous_3)","decl":{"start":{"line":70,"column":32},"end":{"line":70,"column":33}},"loc":{"start":{"line":70,"column":40},"end":{"line":70,"column":52}}},"2":{"name":"(anonymous_4)","decl":{"start":{"line":73,"column":13},"end":{"line":73,"column":16}},"loc":{"start":{"line":73,"column":19},"end":{"line":73,"column":30}}},"3":{"name":"(anonymous_5)","decl":{"start":{"line":73,"column":32},"end":{"line":73,"column":33}},"loc":{"start":{"line":73,"column":40},"end":{"line":73,"column":54}}},"4":{"name":"(anonymous_6)","decl":{"start":{"line":76,"column":13},"end":{"line":76,"column":16}},"loc":{"start":{"line":76,"column":19},"end":{"line":76,"column":34}}},"5":{"name":"(anonymous_7)","decl":{"start":{"line":76,"column":36},"end":{"line":76,"column":37}},"loc":{"start":{"line":76,"column":43},"end":{"line":76,"column":55}}},"6":{"name":"(anonymous_8)","decl":{"start":{"line":79,"column":13},"end":{"line":79,"column":16}},"loc":{"start":{"line":79,"column":19},"end":{"line":79,"column":26}}},"7":{"name":"(anonymous_9)","decl":{"start":{"line":79,"column":28},"end":{"line":79,"column":29}},"loc":{"start":{"line":79,"column":35},"end":{"line":79,"column":45}}},"8":{"name":"(anonymous_10)","decl":{"start":{"line":82,"column":13},"end":{"line":82,"column":16}},"loc":{"start":{"line":82,"column":19},"end":{"line":82,"column":31}}},"9":{"name":"(anonymous_11)","decl":{"start":{"line":82,"column":33},"end":{"line":82,"column":34}},"loc":{"start":{"line":82,"column":40},"end":{"line":82,"column":46}}},"10":{"name":"(anonymous_12)","decl":{"start":{"line":85,"column":13},"end":{"line":85,"column":16}},"loc":{"start":{"line":85,"column":19},"end":{"line":85,"column":25}}},"11":{"name":"(anonymous_13)","decl":{"start":{"line":85,"column":27},"end":{"line":85,"column":28}},"loc":{"start":{"line":85,"column":34},"end":{"line":85,"column":43}}},"12":{"name":"(anonymous_14)","decl":{"start":{"line":88,"column":13},"end":{"line":88,"column":16}},"loc":{"start":{"line":88,"column":19},"end":{"line":88,"column":25}}},"13":{"name":"(anonymous_15)","decl":{"start":{"line":88,"column":27},"end":{"line":88,"column":28}},"loc":{"start":{"line":88,"column":34},"end":{"line":88,"column":45}}}},"branchMap":{},"s":{"0":4,"1":4,"2":4,"3":4,"4":4,"5":4,"6":4,"7":4,"8":4,"9":4,"10":4,"11":4,"12":4,"13":4,"14":4,"15":4,"16":4,"17":4,"18":4,"19":4,"20":4,"21":4,"22":4,"23":4,"24":4,"25":4,"26":4,"27":0,"28":0,"29":4,"30":0,"31":0,"32":4,"33":0,"34":0,"35":4,"36":0,"37":0,"38":4,"39":0,"40":0,"41":4,"42":0,"43":0,"44":4,"45":0,"46":0,"47":4},"f":{"0":0,"1":0,"2":0,"3":0,"4":0,"5":0,"6":0,"7":0,"8":0,"9":0,"10":0,"11":0,"12":0,"13":0},"b":{}}
,"C:\\Gonzalo\\SafePay\\backend\\src\\modules\\admin\\admin.controller.ts": {"path":"C:\\Gonzalo\\SafePay\\backend\\src\\modules\\admin\\admin.controller.ts","statementMap":{"0":{"start":{"line":1,"column":0},"end":{"line":1,"column":null}},"1":{"start":{"line":12,"column":0},"end":{"line":12,"column":47}},"2":{"start":{"line":13,"column":0},"end":{"line":13,"column":61}},"3":{"start":{"line":14,"column":0},"end":{"line":14,"column":56}},"4":{"start":{"line":15,"column":0},"end":{"line":15,"column":64}},"5":{"start":{"line":16,"column":0},"end":{"line":16,"column":65}},"6":{"start":{"line":17,"column":0},"end":{"line":17,"column":62}},"7":{"start":{"line":21,"column":2},"end":{"line":21,"column":null}},"8":{"start":{"line":25,"column":2},"end":{"line":25,"column":null}},"9":{"start":{"line":30,"column":2},"end":{"line":30,"column":null}},"10":{"start":{"line":36,"column":7},"end":{"line":92,"column":null}},"11":{"start":{"line":37,"column":31},"end":{"line":37,"column":45}},"12":{"start":{"line":43,"column":4},"end":{"line":43,"column":43}},"13":{"start":{"line":48,"column":4},"end":{"line":48,"column":50}},"14":{"start":{"line":54,"column":4},"end":{"line":54,"column":53}},"15":{"start":{"line":61,"column":4},"end":{"line":61,"column":53}},"16":{"start":{"line":66,"column":4},"end":{"line":66,"column":54}},"17":{"start":{"line":72,"column":4},"end":{"line":72,"column":57}},"18":{"start":{"line":79,"column":4},"end":{"line":79,"column":40}},"19":{"start":{"line":84,"column":4},"end":{"line":84,"column":47}},"20":{"start":{"line":90,"column":4},"end":{"line":90,"column":41}},"21":{"start":{"line":36,"column":13},"end":{"line":36,"column":28}},"22":{"start":{"line":42,"column":2},"end":{"line":44,"column":null}},"23":{"start":{"line":47,"column":2},"end":{"line":49,"column":null}},"24":{"start":{"line":53,"column":2},"end":{"line":55,"column":null}},"25":{"start":{"line":60,"column":2},"end":{"line":62,"column":null}},"26":{"start":{"line":65,"column":2},"end":{"line":67,"column":null}},"27":{"start":{"line":71,"column":2},"end":{"line":73,"column":null}},"28":{"start":{"line":78,"column":2},"end":{"line":80,"column":null}},"29":{"start":{"line":83,"column":2},"end":{"line":85,"column":null}},"30":{"start":{"line":89,"column":2},"end":{"line":91,"column":null}},"31":{"start":{"line":36,"column":13},"end":{"line":92,"column":null}}},"fnMap":{"0":{"name":"(anonymous_4)","decl":{"start":{"line":37,"column":2},"end":{"line":37,"column":31}},"loc":{"start":{"line":37,"column":57},"end":{"line":37,"column":61}}},"1":{"name":"(anonymous_5)","decl":{"start":{"line":42,"column":2},"end":{"line":42,"column":13}},"loc":{"start":{"line":42,"column":13},"end":{"line":44,"column":3}}},"2":{"name":"(anonymous_6)","decl":{"start":{"line":47,"column":2},"end":{"line":47,"column":12}},"loc":{"start":{"line":47,"column":36},"end":{"line":49,"column":3}}},"3":{"name":"(anonymous_7)","decl":{"start":{"line":53,"column":2},"end":{"line":53,"column":16}},"loc":{"start":{"line":53,"column":77},"end":{"line":55,"column":3}}},"4":{"name":"(anonymous_8)","decl":{"start":{"line":60,"column":2},"end":{"line":60,"column":17}},"loc":{"start":{"line":60,"column":50},"end":{"line":62,"column":3}}},"5":{"name":"(anonymous_9)","decl":{"start":{"line":65,"column":2},"end":{"line":65,"column":16}},"loc":{"start":{"line":65,"column":40},"end":{"line":67,"column":3}}},"6":{"name":"(anonymous_10)","decl":{"start":{"line":71,"column":2},"end":{"line":71,"column":13}},"loc":{"start":{"line":71,"column":66},"end":{"line":73,"column":3}}},"7":{"name":"(anonymous_11)","decl":{"start":{"line":78,"column":2},"end":{"line":78,"column":10}},"loc":{"start":{"line":78,"column":10},"end":{"line":80,"column":3}}},"8":{"name":"(anonymous_12)","decl":{"start":{"line":83,"column":2},"end":{"line":83,"column":9}},"loc":{"start":{"line":83,"column":33},"end":{"line":85,"column":3}}},"9":{"name":"(anonymous_13)","decl":{"start":{"line":89,"column":2},"end":{"line":89,"column":9}},"loc":{"start":{"line":89,"column":33},"end":{"line":91,"column":3}}}},"branchMap":{},"s":{"0":0,"1":0,"2":0,"3":0,"4":0,"5":0,"6":0,"7":0,"8":0,"9":0,"10":0,"11":0,"12":0,"13":0,"14":0,"15":0,"16":0,"17":0,"18":0,"19":0,"20":0,"21":0,"22":0,"23":0,"24":0,"25":0,"26":0,"27":0,"28":0,"29":0,"30":0,"31":0},"f":{"0":0,"1":0,"2":0,"3":0,"4":0,"5":0,"6":0,"7":0,"8":0,"9":0},"b":{}}
,"C:\\Gonzalo\\SafePay\\backend\\src\\modules\\admin\\admin.module.ts": {"path":"C:\\Gonzalo\\SafePay\\backend\\src\\modules\\admin\\admin.module.ts","statementMap":{"0":{"start":{"line":1,"column":0},"end":{"line":1,"column":40}},"1":{"start":{"line":2,"column":0},"end":{"line":2,"column":48}},"2":{"start":{"line":3,"column":0},"end":{"line":3,"column":53}},"3":{"start":{"line":4,"column":0},"end":{"line":4,"column":47}},"4":{"start":{"line":5,"column":0},"end":{"line":5,"column":59}},"5":{"start":{"line":6,"column":0},"end":{"line":6,"column":73}},"6":{"start":{"line":7,"column":0},"end":{"line":7,"column":65}},"7":{"start":{"line":8,"column":0},"end":{"line":8,"column":65}},"8":{"start":{"line":15,"column":7},"end":{"line":15,"column":null}},"9":{"start":{"line":15,"column":13},"end":{"line":15,"column":24}},"10":{"start":{"line":15,"column":13},"end":{"line":15,"column":null}}},"fnMap":{},"branchMap":{},"s":{"0":0,"1":0,"2":0,"3":0,"4":0,"5":0,"6":0,"7":0,"8":0,"9":0,"10":0},"f":{},"b":{}}
,"C:\\Gonzalo\\SafePay\\backend\\src\\modules\\admin\\admin.service.ts": {"path":"C:\\Gonzalo\\SafePay\\backend\\src\\modules\\admin\\admin.service.ts","statementMap":{"0":{"start":{"line":1,"column":0},"end":{"line":1,"column":null}},"1":{"start":{"line":7,"column":0},"end":{"line":7,"column":51}},"2":{"start":{"line":8,"column":0},"end":{"line":8,"column":41}},"3":{"start":{"line":9,"column":0},"end":{"line":9,"column":59}},"4":{"start":{"line":10,"column":0},"end":{"line":10,"column":73}},"5":{"start":{"line":11,"column":0},"end":{"line":11,"column":65}},"6":{"start":{"line":12,"column":0},"end":{"line":12,"column":65}},"7":{"start":{"line":13,"column":0},"end":{"line":13,"column":95}},"8":{"start":{"line":15,"column":25},"end":{"line":15,"column":60}},"9":{"start":{"line":18,"column":25},"end":{"line":169,"column":null}},"10":{"start":{"line":19,"column":28},"end":{"line":19,"column":57}},"11":{"start":{"line":23,"column":21},"end":{"line":23,"column":31}},"12":{"start":{"line":25,"column":21},"end":{"line":25,"column":29}},"13":{"start":{"line":27,"column":21},"end":{"line":27,"column":34}},"14":{"start":{"line":29,"column":21},"end":{"line":29,"column":34}},"15":{"start":{"line":35,"column":4},"end":{"line":39,"column":7}},"16":{"start":{"line":43,"column":20},"end":{"line":52,"column":6}},"17":{"start":{"line":53,"column":4},"end":{"line":53,"column":71}},"18":{"start":{"line":53,"column":18},"end":{"line":53,"column":71}},"19":{"start":{"line":54,"column":4},"end":{"line":54,"column":19}},"20":{"start":{"line":61,"column":20},"end":{"line":64,"column":6}},"21":{"start":{"line":65,"column":4},"end":{"line":65,"column":71}},"22":{"start":{"line":65,"column":18},"end":{"line":65,"column":71}},"23":{"start":{"line":66,"column":4},"end":{"line":68,"column":5}},"24":{"start":{"line":67,"column":6},"end":{"line":67,"column":66}},"25":{"start":{"line":70,"column":4},"end":{"line":70,"column":45}},"26":{"start":{"line":71,"column":4},"end":{"line":71,"column":49}},"27":{"start":{"line":72,"column":4},"end":{"line":72,"column":52}},"28":{"start":{"line":73,"column":4},"end":{"line":73,"column":40}},"29":{"start":{"line":74,"column":4},"end":{"line":74,"column":41}},"30":{"start":{"line":76,"column":15},"end":{"line":76,"column":34}},"31":{"start":{"line":77,"column":20},"end":{"line":77,"column":87}},"32":{"start":{"line":79,"column":4},"end":{"line":86,"column":5}},"33":{"start":{"line":80,"column":6},"end":{"line":80,"column":39}},"34":{"start":{"line":81,"column":6},"end":{"line":81,"column":59}},"35":{"start":{"line":81,"column":19},"end":{"line":81,"column":59}},"36":{"start":{"line":84,"column":6},"end":{"line":84,"column":38}},"37":{"start":{"line":85,"column":6},"end":{"line":85,"column":59}},"38":{"start":{"line":85,"column":19},"end":{"line":85,"column":59}},"39":{"start":{"line":87,"column":4},"end":{"line":87,"column":31}},"40":{"start":{"line":88,"column":4},"end":{"line":88,"column":54}},"41":{"start":{"line":88,"column":17},"end":{"line":88,"column":54}},"42":{"start":{"line":90,"column":4},"end":{"line":90,"column":73}},"43":{"start":{"line":91,"column":4},"end":{"line":91,"column":86}},"44":{"start":{"line":97,"column":18},"end":{"line":99,"column":10}},"45":{"start":{"line":100,"column":4},"end":{"line":105,"column":7}},"46":{"start":{"line":109,"column":15},"end":{"line":112,"column":6}},"47":{"start":{"line":113,"column":4},"end":{"line":113,"column":70}},"48":{"start":{"line":113,"column":13},"end":{"line":113,"column":70}},"49":{"start":{"line":114,"column":4},"end":{"line":114,"column":14}},"50":{"start":{"line":118,"column":4},"end":{"line":122,"column":5}},"51":{"start":{"line":119,"column":6},"end":{"line":121,"column":8}},"52":{"start":{"line":123,"column":15},"end":{"line":123,"column":59}},"53":{"start":{"line":124,"column":4},"end":{"line":124,"column":70}},"54":{"start":{"line":124,"column":13},"end":{"line":124,"column":70}},"55":{"start":{"line":126,"column":21},"end":{"line":126,"column":30}},"56":{"start":{"line":127,"column":4},"end":{"line":127,"column":35}},"57":{"start":{"line":128,"column":4},"end":{"line":128,"column":31}},"58":{"start":{"line":130,"column":4},"end":{"line":130,"column":78}},"59":{"start":{"line":131,"column":4},"end":{"line":131,"column":44}},"60":{"start":{"line":137,"column":18},"end":{"line":140,"column":6}},"61":{"start":{"line":141,"column":4},"end":{"line":141,"column":75}},"62":{"start":{"line":141,"column":72},"end":{"line":141,"column":73}},"63":{"start":{"line":145,"column":17},"end":{"line":145,"column":63}},"64":{"start":{"line":146,"column":4},"end":{"line":146,"column":68}},"65":{"start":{"line":146,"column":15},"end":{"line":146,"column":68}},"66":{"start":{"line":148,"column":21},"end":{"line":152,"column":6}},"67":{"start":{"line":154,"column":65},"end":{"line":154,"column":69}},"68":{"start":{"line":155,"column":4},"end":{"line":155,"column":57}},"69":{"start":{"line":159,"column":17},"end":{"line":159,"column":63}},"70":{"start":{"line":160,"column":4},"end":{"line":160,"column":68}},"71":{"start":{"line":160,"column":15},"end":{"line":160,"column":68}},"72":{"start":{"line":161,"column":4},"end":{"line":161,"column":81}},"73":{"start":{"line":161,"column":21},"end":{"line":161,"column":81}},"74":{"start":{"line":163,"column":4},"end":{"line":163,"column":23}},"75":{"start":{"line":164,"column":4},"end":{"line":164,"column":35}},"76":{"start":{"line":166,"column":4},"end":{"line":166,"column":52}},"77":{"start":{"line":167,"column":4},"end":{"line":167,"column":41}},"78":{"start":{"line":18,"column":13},"end":{"line":18,"column":25}},"79":{"start":{"line":18,"column":13},"end":{"line":169,"column":null}}},"fnMap":{"0":{"name":"(anonymous_4)","decl":{"start":{"line":21,"column":2},"end":{"line":21,"column":null}},"loc":{"start":{"line":29,"column":53},"end":{"line":30,"column":6}}},"1":{"name":"(anonymous_5)","decl":{"start":{"line":34,"column":2},"end":{"line":34,"column":7}},"loc":{"start":{"line":34,"column":19},"end":{"line":40,"column":3}}},"2":{"name":"(anonymous_6)","decl":{"start":{"line":42,"column":2},"end":{"line":42,"column":7}},"loc":{"start":{"line":42,"column":35},"end":{"line":55,"column":3}}},"3":{"name":"(anonymous_7)","decl":{"start":{"line":57,"column":2},"end":{"line":57,"column":7}},"loc":{"start":{"line":59,"column":67},"end":{"line":92,"column":3}}},"4":{"name":"(anonymous_8)","decl":{"start":{"line":96,"column":2},"end":{"line":96,"column":7}},"loc":{"start":{"line":96,"column":39},"end":{"line":106,"column":3}}},"5":{"name":"(anonymous_9)","decl":{"start":{"line":108,"column":2},"end":{"line":108,"column":7}},"loc":{"start":{"line":108,"column":39},"end":{"line":115,"column":3}}},"6":{"name":"(anonymous_10)","decl":{"start":{"line":117,"column":2},"end":{"line":117,"column":7}},"loc":{"start":{"line":117,"column":46},"end":{"line":132,"column":3}}},"7":{"name":"(anonymous_11)","decl":{"start":{"line":136,"column":2},"end":{"line":136,"column":7}},"loc":{"start":{"line":136,"column":16},"end":{"line":142,"column":3}}},"8":{"name":"(anonymous_12)","decl":{"start":{"line":141,"column":21},"end":{"line":141,"column":22}},"loc":{"start":{"line":141,"column":72},"end":{"line":141,"column":73}}},"9":{"name":"(anonymous_13)","decl":{"start":{"line":144,"column":2},"end":{"line":144,"column":7}},"loc":{"start":{"line":144,"column":32},"end":{"line":156,"column":3}}},"10":{"name":"(anonymous_14)","decl":{"start":{"line":158,"column":2},"end":{"line":158,"column":7}},"loc":{"start":{"line":158,"column":26},"end":{"line":168,"column":3}}}},"branchMap":{"0":{"loc":{"start":{"line":53,"column":4},"end":{"line":53,"column":71}},"type":"if","locations":[{"start":{"line":53,"column":4},"end":{"line":53,"column":71}}]},"1":{"loc":{"start":{"line":65,"column":4},"end":{"line":65,"column":71}},"type":"if","locations":[{"start":{"line":65,"column":4},"end":{"line":65,"column":71}}]},"2":{"loc":{"start":{"line":66,"column":4},"end":{"line":68,"column":5}},"type":"if","locations":[{"start":{"line":66,"column":4},"end":{"line":68,"column":5}}]},"3":{"loc":{"start":{"line":79,"column":4},"end":{"line":86,"column":5}},"type":"if","locations":[{"start":{"line":79,"column":4},"end":{"line":86,"column":5}},{"start":{"line":82,"column":11},"end":{"line":86,"column":5}}]},"4":{"loc":{"start":{"line":81,"column":6},"end":{"line":81,"column":59}},"type":"if","locations":[{"start":{"line":81,"column":6},"end":{"line":81,"column":59}}]},"5":{"loc":{"start":{"line":85,"column":6},"end":{"line":85,"column":59}},"type":"if","locations":[{"start":{"line":85,"column":6},"end":{"line":85,"column":59}}]},"6":{"loc":{"start":{"line":88,"column":4},"end":{"line":88,"column":54}},"type":"if","locations":[{"start":{"line":88,"column":4},"end":{"line":88,"column":54}}]},"7":{"loc":{"start":{"line":97,"column":18},"end":{"line":99,"column":10}},"type":"cond-expr","locations":[{"start":{"line":98,"column":8},"end":{"line":98,"column":38}},{"start":{"line":99,"column":8},"end":{"line":99,"column":10}}]},"8":{"loc":{"start":{"line":97,"column":18},"end":{"line":97,"column":61}},"type":"binary-expr","locations":[{"start":{"line":97,"column":18},"end":{"line":97,"column":24}},{"start":{"line":97,"column":28},"end":{"line":97,"column":61}}]},"9":{"loc":{"start":{"line":113,"column":4},"end":{"line":113,"column":70}},"type":"if","locations":[{"start":{"line":113,"column":4},"end":{"line":113,"column":70}}]},"10":{"loc":{"start":{"line":118,"column":4},"end":{"line":122,"column":5}},"type":"if","locations":[{"start":{"line":118,"column":4},"end":{"line":122,"column":5}}]},"11":{"loc":{"start":{"line":124,"column":4},"end":{"line":124,"column":70}},"type":"if","locations":[{"start":{"line":124,"column":4},"end":{"line":124,"column":70}}]},"12":{"loc":{"start":{"line":146,"column":4},"end":{"line":146,"column":68}},"type":"if","locations":[{"start":{"line":146,"column":4},"end":{"line":146,"column":68}}]},"13":{"loc":{"start":{"line":160,"column":4},"end":{"line":160,"column":68}},"type":"if","locations":[{"start":{"line":160,"column":4},"end":{"line":160,"column":68}}]},"14":{"loc":{"start":{"line":161,"column":4},"end":{"line":161,"column":81}},"type":"if","locations":[{"start":{"line":161,"column":4},"end":{"line":161,"column":81}}]}},"s":{"0":0,"1":0,"2":0,"3":0,"4":0,"5":0,"6":0,"7":0,"8":0,"9":0,"10":0,"11":0,"12":0,"13":0,"14":0,"15":0,"16":0,"17":0,"18":0,"19":0,"20":0,"21":0,"22":0,"23":0,"24":0,"25":0,"26":0,"27":0,"28":0,"29":0,"30":0,"31":0,"32":0,"33":0,"34":0,"35":0,"36":0,"37":0,"38":0,"39":0,"40":0,"41":0,"42":0,"43":0,"44":0,"45":0,"46":0,"47":0,"48":0,"49":0,"50":0,"51":0,"52":0,"53":0,"54":0,"55":0,"56":0,"57":0,"58":0,"59":0,"60":0,"61":0,"62":0,"63":0,"64":0,"65":0,"66":0,"67":0,"68":0,"69":0,"70":0,"71":0,"72":0,"73":0,"74":0,"75":0,"76":0,"77":0,"78":0,"79":0},"f":{"0":0,"1":0,"2":0,"3":0,"4":0,"5":0,"6":0,"7":0,"8":0,"9":0,"10":0},"b":{"0":[0],"1":[0],"2":[0],"3":[0,0],"4":[0],"5":[0],"6":[0],"7":[0,0],"8":[0,0],"9":[0],"10":[0],"11":[0],"12":[0],"13":[0],"14":[0]}}
,"C:\\Gonzalo\\SafePay\\backend\\src\\modules\\auth\\auth.controller.ts": {"path":"C:\\Gonzalo\\SafePay\\backend\\src\\modules\\auth\\auth.controller.ts","statementMap":{"0":{"start":{"line":1,"column":0},"end":{"line":1,"column":null}},"1":{"start":{"line":11,"column":0},"end":{"line":11,"column":45}},"2":{"start":{"line":13,"column":0},"end":{"line":13,"column":45}},"3":{"start":{"line":14,"column":0},"end":{"line":14,"column":49}},"4":{"start":{"line":15,"column":0},"end":{"line":15,"column":43}},"5":{"start":{"line":16,"column":0},"end":{"line":16,"column":52}},"6":{"start":{"line":17,"column":0},"end":{"line":17,"column":61}},"7":{"start":{"line":18,"column":0},"end":{"line":18,"column":77}},"8":{"start":{"line":22,"column":7},"end":{"line":66,"column":null}},"9":{"start":{"line":23,"column":31},"end":{"line":23,"column":44}},"10":{"start":{"line":27,"column":4},"end":{"line":27,"column":42}},"11":{"start":{"line":33,"column":4},"end":{"line":33,"column":39}},"12":{"start":{"line":42,"column":4},"end":{"line":42,"column":48}},"13":{"start":{"line":53,"column":29},"end":{"line":53,"column":65}},"14":{"start":{"line":54,"column":4},"end":{"line":54,"column":60}},"15":{"start":{"line":64,"column":4},"end":{"line":64,"column":49}},"16":{"start":{"line":22,"column":13},"end":{"line":22,"column":27}},"17":{"start":{"line":26,"column":2},"end":{"line":28,"column":null}},"18":{"start":{"line":32,"column":2},"end":{"line":34,"column":null}},"19":{"start":{"line":38,"column":2},"end":{"line":43,"column":null}},"20":{"start":{"line":48,"column":2},"end":{"line":55,"column":null}},"21":{"start":{"line":60,"column":2},"end":{"line":65,"column":null}},"22":{"start":{"line":22,"column":13},"end":{"line":66,"column":null}}},"fnMap":{"0":{"name":"(anonymous_4)","decl":{"start":{"line":23,"column":2},"end":{"line":23,"column":31}},"loc":{"start":{"line":23,"column":55},"end":{"line":23,"column":59}}},"1":{"name":"(anonymous_5)","decl":{"start":{"line":26,"column":2},"end":{"line":26,"column":10}},"loc":{"start":{"line":26,"column":35},"end":{"line":28,"column":3}}},"2":{"name":"(anonymous_6)","decl":{"start":{"line":32,"column":2},"end":{"line":32,"column":7}},"loc":{"start":{"line":32,"column":29},"end":{"line":34,"column":3}}},"3":{"name":"(anonymous_7)","decl":{"start":{"line":38,"column":2},"end":{"line":38,"column":11}},"loc":{"start":{"line":40,"column":45},"end":{"line":43,"column":3}}},"4":{"name":"(anonymous_8)","decl":{"start":{"line":48,"column":2},"end":{"line":48,"column":9}},"loc":{"start":{"line":51,"column":45},"end":{"line":55,"column":3}}},"5":{"name":"(anonymous_9)","decl":{"start":{"line":60,"column":2},"end":{"line":60,"column":8}},"loc":{"start":{"line":62,"column":45},"end":{"line":65,"column":3}}}},"branchMap":{"0":{"loc":{"start":{"line":53,"column":29},"end":{"line":53,"column":65}},"type":"binary-expr","locations":[{"start":{"line":53,"column":29},"end":{"line":53,"column":59}},{"start":{"line":53,"column":63},"end":{"line":53,"column":65}}]}},"s":{"0":0,"1":0,"2":0,"3":0,"4":0,"5":0,"6":0,"7":0,"8":0,"9":0,"10":0,"11":0,"12":0,"13":0,"14":0,"15":0,"16":0,"17":0,"18":0,"19":0,"20":0,"21":0,"22":0},"f":{"0":0,"1":0,"2":0,"3":0,"4":0,"5":0},"b":{"0":[0,0]}}
,"C:\\Gonzalo\\SafePay\\backend\\src\\modules\\auth\\auth.module.ts": {"path":"C:\\Gonzalo\\SafePay\\backend\\src\\modules\\auth\\auth.module.ts","statementMap":{"0":{"start":{"line":1,"column":0},"end":{"line":1,"column":40}},"1":{"start":{"line":2,"column":0},"end":{"line":2,"column":40}},"2":{"start":{"line":3,"column":0},"end":{"line":3,"column":50}},"3":{"start":{"line":4,"column":0},"end":{"line":4,"column":61}},"4":{"start":{"line":5,"column":0},"end":{"line":5,"column":48}},"5":{"start":{"line":6,"column":0},"end":{"line":6,"column":51}},"6":{"start":{"line":7,"column":0},"end":{"line":7,"column":45}},"7":{"start":{"line":8,"column":0},"end":{"line":8,"column":56}},"8":{"start":{"line":9,"column":0},"end":{"line":9,"column":71}},"9":{"start":{"line":10,"column":0},"end":{"line":10,"column":59}},"10":{"start":{"line":29,"column":7},"end":{"line":29,"column":null}},"11":{"start":{"line":29,"column":13},"end":{"line":29,"column":23}},"12":{"start":{"line":29,"column":13},"end":{"line":29,"column":null}},"13":{"start":{"line":19,"column":46},"end":{"line":22,"column":8}}},"fnMap":{"0":{"name":"(anonymous_1)","decl":{"start":{"line":19,"column":18},"end":{"line":19,"column":19}},"loc":{"start":{"line":19,"column":46},"end":{"line":22,"column":8}}}},"branchMap":{},"s":{"0":0,"1":0,"2":0,"3":0,"4":0,"5":0,"6":0,"7":0,"8":0,"9":0,"10":0,"11":0,"12":0,"13":0},"f":{"0":0},"b":{}}
[...]
e":48,"column":4},"end":{"line":48,"column":70}}]},"1":{"loc":{"start":{"line":76,"column":4},"end":{"line":76,"column":70}},"type":"if","locations":[{"start":{"line":76,"column":4},"end":{"line":76,"column":70}}]},"2":{"loc":{"start":{"line":96,"column":4},"end":{"line":98,"column":5}},"type":"if","locations":[{"start":{"line":96,"column":4},"end":{"line":98,"column":5}}]},"3":{"loc":{"start":{"line":99,"column":4},"end":{"line":101,"column":5}},"type":"if","locations":[{"start":{"line":99,"column":4},"end":{"line":101,"column":5}}]},"4":{"loc":{"start":{"line":113,"column":4},"end":{"line":115,"column":5}},"type":"if","locations":[{"start":{"line":113,"column":4},"end":{"line":115,"column":5}}]},"5":{"loc":{"start":{"line":113,"column":8},"end":{"line":113,"column":64}},"type":"binary-expr","locations":[{"start":{"line":113,"column":8},"end":{"line":113,"column":33}},{"start":{"line":113,"column":37},"end":{"line":113,"column":64}}]},"6":{"loc":{"start":{"line":117,"column":4},"end":{"line":119,"column":5}},"type":"if","locations":[{"start":{"line":117,"column":4},"end":{"line":119,"column":5}}]},"7":{"loc":{"start":{"line":128,"column":4},"end":{"line":130,"column":5}},"type":"if","locations":[{"start":{"line":128,"column":4},"end":{"line":130,"column":5}}]},"8":{"loc":{"start":{"line":131,"column":4},"end":{"line":133,"column":5}},"type":"if","locations":[{"start":{"line":131,"column":4},"end":{"line":133,"column":5}}]},"9":{"loc":{"start":{"line":134,"column":21},"end":{"line":134,"column":91}},"type":"cond-expr","locations":[{"start":{"line":134,"column":58},"end":{"line":134,"column":72}},{"start":{"line":134,"column":75},"end":{"line":134,"column":91}}]},"10":{"loc":{"start":{"line":135,"column":4},"end":{"line":137,"column":5}},"type":"if","locations":[{"start":{"line":135,"column":4},"end":{"line":137,"column":5}}]},"11":{"loc":{"start":{"line":147,"column":4},"end":{"line":149,"column":5}},"type":"if","locations":[{"start":{"line":147,"column":4},"end":{"line":149,"column":5}}]},"12":{"loc":{"start":{"line":147,"column":8},"end":{"line":147,"column":64}},"type":"binary-expr","locations":[{"start":{"line":147,"column":8},"end":{"line":147,"column":33}},{"start":{"line":147,"column":37},"end":{"line":147,"column":64}}]},"13":{"loc":{"start":{"line":150,"column":4},"end":{"line":152,"column":5}},"type":"if","locations":[{"start":{"line":150,"column":4},"end":{"line":152,"column":5}}]},"14":{"loc":{"start":{"line":179,"column":4},"end":{"line":179,"column":38}},"type":"if","locations":[{"start":{"line":179,"column":4},"end":{"line":179,"column":38}}]},"15":{"loc":{"start":{"line":180,"column":4},"end":{"line":180,"column":40}},"type":"if","locations":[{"start":{"line":180,"column":4},"end":{"line":180,"column":40}}]}},"s":{"0":2,"1":2,"2":2,"3":2,"4":2,"5":2,"6":2,"7":2,"8":17,"9":7,"10":7,"11":7,"12":7,"13":7,"14":9,"15":9,"16":1,"17":8,"18":0,"19":0,"20":2,"21":2,"22":1,"23":1,"24":3,"25":3,"26":1,"27":2,"28":1,"29":1,"30":1,"31":1,"32":1,"33":1,"34":0,"35":0,"36":0,"37":0,"38":0,"39":0,"40":0,"41":0,"42":0,"43":0,"44":0,"45":0,"46":0,"47":0,"48":0,"49":0,"50":0,"51":0,"52":0,"53":3,"54":3,"55":1,"56":2,"57":1,"58":1,"59":1,"60":0,"61":0,"62":7,"63":2,"64":5,"65":3,"66":2,"67":7,"68":7,"69":7,"70":7,"71":2,"72":2,"73":2,"74":2},"f":{"0":17,"1":7,"2":9,"3":0,"4":0,"5":2,"6":3,"7":0,"8":0,"9":3,"10":0,"11":0,"12":7,"13":7},"b":{"0":[1],"1":[1],"2":[1],"3":[1],"4":[0],"5":[0,0],"6":[0],"7":[0],"8":[0],"9":[0,0],"10":[0],"11":[1],"12":[3,1],"13":[1],"14":[2],"15":[3]}}
,"C:\\Gonzalo\\SafePay\\backend\\src\\modules\\transactions\\dto\\create-transaction.dto.ts": {"path":"C:\\Gonzalo\\SafePay\\backend\\src\\modules\\transactions\\dto\\create-transaction.dto.ts","statementMap":{"0":{"start":{"line":1,"column":0},"end":{"line":1,"column":null}},"1":{"start":{"line":10,"column":0},"end":{"line":10,"column":69}},"2":{"start":{"line":12,"column":0},"end":{"line":12,"column":13}},"3":{"start":{"line":14,"column":2},"end":{"line":14,"column":null}},"4":{"start":{"line":17,"column":2},"end":{"line":17,"column":null}},"5":{"start":{"line":22,"column":2},"end":{"line":22,"column":null}},"6":{"start":{"line":25,"column":2},"end":{"line":25,"column":null}},"7":{"start":{"line":30,"column":2},"end":{"line":30,"column":null}}},"fnMap":{},"branchMap":{},"s":{"0":0,"1":0,"2":0,"3":0,"4":0,"5":0,"6":0,"7":0},"f":{},"b":{}}
,"C:\\Gonzalo\\SafePay\\backend\\src\\modules\\users\\users.controller.ts": {"path":"C:\\Gonzalo\\SafePay\\backend\\src\\modules\\users\\users.controller.ts","statementMap":{"0":{"start":{"line":1,"column":0},"end":{"line":1,"column":null}},"1":{"start":{"line":14,"column":0},"end":{"line":14,"column":47}},"2":{"start":{"line":15,"column":0},"end":{"line":15,"column":61}},"3":{"start":{"line":16,"column":0},"end":{"line":16,"column":77}},"4":{"start":{"line":17,"column":0},"end":{"line":17,"column":60}},"5":{"start":{"line":18,"column":0},"end":{"line":18,"column":56}},"6":{"start":{"line":21,"column":7},"end":{"line":73,"column":null}},"7":{"start":{"line":22,"column":31},"end":{"line":22,"column":45}},"8":{"start":{"line":27,"column":4},"end":{"line":27,"column":47}},"9":{"start":{"line":33,"column":4},"end":{"line":33,"column":50}},"10":{"start":{"line":39,"column":4},"end":{"line":39,"column":50}},"11":{"start":{"line":44,"column":4},"end":{"line":44,"column":47}},"12":{"start":{"line":50,"column":4},"end":{"line":50,"column":54}},"13":{"start":{"line":59,"column":4},"end":{"line":59,"column":60}},"14":{"start":{"line":65,"column":4},"end":{"line":65,"column":51}},"15":{"start":{"line":71,"column":4},"end":{"line":71,"column":50}},"16":{"start":{"line":21,"column":13},"end":{"line":21,"column":28}},"17":{"start":{"line":26,"column":2},"end":{"line":28,"column":null}},"18":{"start":{"line":32,"column":2},"end":{"line":34,"column":null}},"19":{"start":{"line":38,"column":2},"end":{"line":40,"column":null}},"20":{"start":{"line":43,"column":2},"end":{"line":45,"column":null}},"21":{"start":{"line":49,"column":2},"end":{"line":51,"column":null}},"22":{"start":{"line":55,"column":2},"end":{"line":60,"column":null}},"23":{"start":{"line":64,"column":2},"end":{"line":66,"column":null}},"24":{"start":{"line":70,"column":2},"end":{"line":72,"column":null}},"25":{"start":{"line":21,"column":13},"end":{"line":73,"column":null}}},"fnMap":{"0":{"name":"(anonymous_4)","decl":{"start":{"line":22,"column":2},"end":{"line":22,"column":31}},"loc":{"start":{"line":22,"column":57},"end":{"line":22,"column":61}}},"1":{"name":"(anonymous_5)","decl":{"start":{"line":26,"column":2},"end":{"line":26,"column":7}},"loc":{"start":{"line":26,"column":43},"end":{"line":28,"column":3}}},"2":{"name":"(anonymous_6)","decl":{"start":{"line":32,"column":2},"end":{"line":32,"column":10}},"loc":{"start":{"line":32,"column":77},"end":{"line":34,"column":3}}},"3":{"name":"(anonymous_7)","decl":{"start":{"line":38,"column":2},"end":{"line":38,"column":13}},"loc":{"start":{"line":38,"column":41},"end":{"line":40,"column":3}}},"4":{"name":"(anonymous_8)","decl":{"start":{"line":43,"column":2},"end":{"line":43,"column":15}},"loc":{"start":{"line":43,"column":39},"end":{"line":45,"column":3}}},"5":{"name":"(anonymous_9)","decl":{"start":{"line":49,"column":2},"end":{"line":49,"column":11}},"loc":{"start":{"line":49,"column":47},"end":{"line":51,"column":3}}},"6":{"name":"(anonymous_10)","decl":{"start":{"line":55,"column":2},"end":{"line":55,"column":12}},"loc":{"start":{"line":57,"column":34},"end":{"line":60,"column":3}}},"7":{"name":"(anonymous_11)","decl":{"start":{"line":64,"column":2},"end":{"line":64,"column":14}},"loc":{"start":{"line":64,"column":50},"end":{"line":66,"column":3}}},"8":{"name":"(anonymous_12)","decl":{"start":{"line":70,"column":2},"end":{"line":70,"column":10}},"loc":{"start":{"line":70,"column":46},"end":{"line":72,"column":3}}}},"branchMap":{},"s":{"0":0,"1":0,"2":0,"3":0,"4":0,"5":0,"6":0,"7":0,"8":0,"9":0,"10":0,"11":0,"12":0,"13":0,"14":0,"15":0,"16":0,"17":0,"18":0,"19":0,"20":0,"21":0,"22":0,"23":0,"24":0,"25":0},"f":{"0":0,"1":0,"2":0,"3":0,"4":0,"5":0,"6":0,"7":0,"8":0},"b":{}}
,"C:\\Gonzalo\\SafePay\\backend\\src\\modules\\users\\users.module.ts": {"path":"C:\\Gonzalo\\SafePay\\backend\\src\\modules\\users\\users.module.ts","statementMap":{"0":{"start":{"line":1,"column":0},"end":{"line":1,"column":40}},"1":{"start":{"line":2,"column":0},"end":{"line":2,"column":48}},"2":{"start":{"line":3,"column":0},"end":{"line":3,"column":46}},"3":{"start":{"line":4,"column":0},"end":{"line":4,"column":43}},"4":{"start":{"line":5,"column":0},"end":{"line":5,"column":53}},"5":{"start":{"line":6,"column":0},"end":{"line":6,"column":47}},"6":{"start":{"line":7,"column":0},"end":{"line":7,"column":59}},"7":{"start":{"line":15,"column":7},"end":{"line":15,"column":null}},"8":{"start":{"line":15,"column":13},"end":{"line":15,"column":24}},"9":{"start":{"line":15,"column":13},"end":{"line":15,"column":null}}},"fnMap":{},"branchMap":{},"s":{"0":0,"1":0,"2":0,"3":0,"4":0,"5":0,"6":0,"7":0,"8":0,"9":0},"f":{},"b":{}}
,"C:\\Gonzalo\\SafePay\\backend\\src\\modules\\users\\users.service.ts": {"path":"C:\\Gonzalo\\SafePay\\backend\\src\\modules\\users\\users.service.ts","statementMap":{"0":{"start":{"line":1,"column":0},"end":{"line":1,"column":84}},"1":{"start":{"line":2,"column":0},"end":{"line":2,"column":51}},"2":{"start":{"line":3,"column":0},"end":{"line":3,"column":37}},"3":{"start":{"line":4,"column":0},"end":{"line":4,"column":47}},"4":{"start":{"line":5,"column":0},"end":{"line":5,"column":44}},"5":{"start":{"line":6,"column":0},"end":{"line":6,"column":38}},"6":{"start":{"line":7,"column":0},"end":{"line":7,"column":33}},"7":{"start":{"line":8,"column":0},"end":{"line":8,"column":59}},"8":{"start":{"line":12,"column":7},"end":{"line":137,"column":null}},"9":{"start":{"line":20,"column":21},"end":{"line":20,"column":31}},"10":{"start":{"line":21,"column":21},"end":{"line":21,"column":29}},"11":{"start":{"line":22,"column":21},"end":{"line":22,"column":27}},"12":{"start":{"line":24,"column":4},"end":{"line":24,"column":70}},"13":{"start":{"line":25,"column":4},"end":{"line":25,"column":84}},"14":{"start":{"line":26,"column":4},"end":{"line":26,"column":86}},"15":{"start":{"line":27,"column":4},"end":{"line":27,"column":79}},"16":{"start":{"line":31,"column":17},"end":{"line":31,"column":63}},"17":{"start":{"line":32,"column":4},"end":{"line":32,"column":68}},"18":{"start":{"line":32,"column":15},"end":{"line":32,"column":68}},"19":{"start":{"line":33,"column":4},"end":{"line":33,"column":16}},"20":{"start":{"line":37,"column":4},"end":{"line":37,"column":40}},"21":{"start":{"line":38,"column":17},"end":{"line":38,"column":40}},"22":{"start":{"line":39,"column":4},"end":{"line":39,"column":107}},"23":{"start":{"line":43,"column":18},"end":{"line":43,"column":57}},"24":{"start":{"line":44,"column":17},"end":{"line":44,"column":35}},"25":{"start":{"line":45,"column":15},"end":{"line":45,"column":30}},"26":{"start":{"line":47,"column":4},"end":{"line":47,"column":53}},"27":{"start":{"line":47,"column":29},"end":{"line":47,"column":53}},"28":{"start":{"line":49,"column":14},"end":{"line":49,"column":15}},"29":{"start":{"line":50,"column":21},"end":{"line":50,"column":22}},"30":{"start":{"line":51,"column":4},"end":{"line":54,"column":5}},"31":{"start":{"line":51,"column":17},"end":{"line":51,"column":32}},"32":{"start":{"line":52,"column":6},"end":{"line":52,"column":44}},"33":{"start":{"line":53,"column":6},"end":{"line":53,"column":57}},"34":{"start":{"line":55,"column":22},"end":{"line":55,"column":37}},"35":{"start":{"line":56,"column":21},"end":{"line":56,"column":88}},"36":{"start":{"line":58,"column":4},"end":{"line":58,"column":38}},"37":{"start":{"line":62,"column":17},"end":{"line":62,"column":40}},"38":{"start":{"line":63,"column":4},"end":{"line":63,"column":58}},"39":{"start":{"line":67,"column":4},"end":{"line":67,"column":42}},"40":{"start":{"line":67,"column":23},"end":{"line":67,"column":42}},"41":{"start":{"line":68,"column":24},"end":{"line":68,"column":65}},"42":{"start":{"line":70,"column":6},"end":{"line":75,"column":56}},"43":{"start":{"line":76,"column":4},"end":{"line":76,"column":19}},"44":{"start":{"line":80,"column":4},"end":{"line":82,"column":5}},"45":{"start":{"line":81,"column":6},"end":{"line":81,"column":83}},"46":{"start":{"line":84,"column":24},"end":{"line":84,"column":65}},"47":{"start":{"line":85,"column":21},"end":{"line":95,"column":null}},"48":{"start":{"line":97,"column":17},"end":{"line":97,"column":30}},"49":{"start":{"line":99,"column":22},"end":{"line":99,"column":53}},"50":{"start":{"line":100,"column":4},"end":{"line":100,"column":69}},"51":{"start":{"line":101,"column":4},"end":{"line":101,"column":31}},"52":{"start":{"line":105,"column":4},"end":{"line":105,"column":69}},"53":{"start":{"line":106,"column":4},"end":{"line":106,"column":34}},"54":{"start":{"line":110,"column":17},"end":{"line":110,"column":44}},"55":{"start":{"line":111,"column":4},"end":{"line":111,"column":47}},"56":{"start":{"line":117,"column":16},"end":{"line":117,"column":85}},"57":{"start":{"line":118,"column":15},"end":{"line":118,"column":37}},"58":{"start":{"line":119,"column":19},"end":{"line":119,"column":64}},"59":{"start":{"line":120,"column":22},"end":{"line":120,"column":82}},"60":{"start":{"line":121,"column":4},"end":{"line":121,"column":64}},"61":{"start":{"line":125,"column":16},"end":{"line":125,"column":85}},"62":{"start":{"line":126,"column":28},"end":{"line":126,"column":44}},"63":{"start":{"line":127,"column":21},"end":{"line":130,"column":null}},"64":{"start":{"line":132,"column":4},"end":{"line":135,"column":24}},"65":{"start":{"line":12,"column":13},"end":{"line":12,"column":25}},"66":{"start":{"line":12,"column":13},"end":{"line":137,"column":null}}},"fnMap":{"0":{"name":"(anonymous_4)","decl":{"start":{"line":18,"column":2},"end":{"line":18,"column":null}},"loc":{"start":{"line":22,"column":38},"end":{"line":28,"column":3}}},"1":{"name":"(anonymous_5)","decl":{"start":{"line":30,"column":2},"end":{"line":30,"column":7}},"loc":{"start":{"line":30,"column":27},"end":{"line":34,"column":3}}},"2":{"name":"(anonymous_6)","decl":{"start":{"line":36,"column":2},"end":{"line":36,"column":7}},"loc":{"start":{"line":36,"column":48},"end":{"line":40,"column":3}}},"3":{"name":"(anonymous_7)","decl":{"start":{"line":42,"column":2},"end":{"line":42,"column":13}},"loc":{"start":{"line":42,"column":25},"end":{"line":59,"column":3}}},"4":{"name":"(anonymous_8)","decl":{"start":{"line":61,"column":2},"end":{"line":61,"column":7}},"loc":{"start":{"line":61,"column":32},"end":{"line":64,"column":3}}},"5":{"name":"(anonymous_9)","decl":{"start":{"line":66,"column":2},"end":{"line":66,"column":17}},"loc":{"start":{"line":66,"column":32},"end":{"line":77,"column":3}}},"6":{"name":"(anonymous_10)","decl":{"start":{"line":79,"column":2},"end":{"line":79,"column":7}},"loc":{"start":{"line":79,"column":53},"end":{"line":102,"column":3}}},"7":{"name":"(anonymous_11)","decl":{"start":{"line":104,"column":2},"end":{"line":104,"column":7}},"loc":{"start":{"line":104,"column":35},"end":{"line":107,"column":3}}},"8":{"name":"(anonymous_12)","decl":{"start":{"line":109,"column":2},"end":{"line":109,"column":7}},"loc":{"start":{"line":109,"column":34},"end":{"line":112,"column":3}}},"9":{"name":"(anonymous_13)","decl":{"start":{"line":116,"column":10},"end":{"line":116,"column":17}},"loc":{"start":{"line":116,"column":30},"end":{"line":122,"column":3}}},"10":{"name":"(anonymous_14)","decl":{"start":{"line":124,"column":2},"end":{"line":124,"column":16}},"loc":{"start":{"line":124,"column":30},"end":{"line":136,"column":3}}}},"branchMap":{"0":{"loc":{"start":{"line":24,"column":19},"end":{"line":24,"column":69}},"type":"binary-expr","locations":[{"start":{"line":24,"column":19},"end":{"line":24,"column":63}},{"start":{"line":24,"column":67},"end":{"line":24,"column":69}}]},"1":{"loc":{"start":{"line":25,"column":26},"end":{"line":25,"column":83}},"type":"binary-expr","locations":[{"start":{"line":25,"column":26},"end":{"line":25,"column":77}},{"start":{"line":25,"column":81},"end":{"line":25,"column":83}}]},"2":{"loc":{"start":{"line":26,"column":27},"end":{"line":26,"column":85}},"type":"binary-expr","locations":[{"start":{"line":26,"column":27},"end":{"line":26,"column":79}},{"start":{"line":26,"column":83},"end":{"line":26,"column":85}}]},"3":{"loc":{"start":{"line":27,"column":18},"end":{"line":27,"column":78}},"type":"binary-expr","locations":[{"start":{"line":27,"column":18},"end":{"line":27,"column":51}},{"start":{"line":27,"column":55},"end":{"line":27,"column":78}}]},"4":{"loc":{"start":{"line":32,"column":4},"end":{"line":32,"column":68}},"type":"if","locations":[{"start":{"line":32,"column":4},"end":{"line":32,"column":68}}]},"5":{"loc":{"start":{"line":47,"column":4},"end":{"line":47,"column":53}},"type":"if","locations":[{"start":{"line":47,"column":4},"end":{"line":47,"column":53}}]},"6":{"loc":{"start":{"line":53,"column":19},"end":{"line":53,"column":56}},"type":"cond-expr","locations":[{"start":{"line":53,"column":38},"end":{"line":53,"column":39}},{"start":{"line":53,"column":42},"end":{"line":53,"column":56}}]},"7":{"loc":{"start":{"line":56,"column":21},"end":{"line":56,"column":88}},"type":"cond-expr","locations":[{"start":{"line":56,"column":40},"end":{"line":56,"column":43}},{"start":{"line":56,"column":46},"end":{"line":56,"column":88}}]},"8":{"loc":{"start":{"line":56,"column":46},"end":{"line":56,"column":88}},"type":"cond-expr","locations":[{"start":{"line":56,"column":65},"end":{"line":56,"column":68}},{"start":{"line":56,"column":71},"end":{"line":56,"column":88}}]},"9":{"loc":{"start":{"line":67,"column":4},"end":{"line":67,"column":42}},"type":"if","locations":[{"start":{"line":67,"column":4},"end":{"line":67,"column":42}}]},"10":{"loc":{"start":{"line":80,"column":4},"end":{"line":82,"column":5}},"type":"if","locations":[{"start":{"line":80,"column":4},"end":{"line":82,"column":5}}]},"11":{"loc":{"start":{"line":80,"column":8},"end":{"line":80,"column":45}},"type":"binary-expr","locations":[{"start":{"line":80,"column":8},"end":{"line":80,"column":21}},{"start":{"line":80,"column":25},"end":{"line":80,"column":45}}]}},"s":{"0":1,"1":1,"2":1,"3":1,"4":1,"5":1,"6":1,"7":1,"8":1,"9":0,"10":0,"11":0,"12":0,"13":0,"14":0,"15":0,"16":0,"17":0,"18":0,"19":0,"20":0,"21":0,"22":0,"23":0,"24":0,"25":0,"26":0,"27":0,"28":0,"29":0,"30":0,"31":0,"32":0,"33":0,"34":0,"35":0,"36":0,"37":0,"38":0,"39":0,"40":0,"41":0,"42":0,"43":0,"44":0,"45":0,"46":0,"47":0,"48":0,"49":0,"50":0,"51":0,"52":0,"53":0,"54":0,"55":0,"56":0,"57":0,"58":0,"59":0,"60":0,"61":0,"62":0,"63":0,"64":0,"65":1,"66":1},"f":{"0":0,"1":0,"2":0,"3":0,"4":0,"5":0,"6":0,"7":0,"8":0,"9":0,"10":0},"b":{"0":[0,0],"1":[0,0],"2":[0,0],"3":[0,0],"4":[0],"5":[0],"6":[0,0],"7":[0,0],"8":[0,0],"9":[0],"10":[0],"11":[0,0]}}
,"C:\\Gonzalo\\SafePay\\backend\\src\\modules\\users\\dto\\update-profile.dto.ts": {"path":"C:\\Gonzalo\\SafePay\\backend\\src\\modules\\users\\dto\\update-profile.dto.ts","statementMap":{"0":{"start":{"line":1,"column":0},"end":{"line":1,"column":86}},"1":{"start":{"line":3,"column":0},"end":{"line":3,"column":13}},"2":{"start":{"line":8,"column":2},"end":{"line":8,"column":null}},"3":{"start":{"line":12,"column":2},"end":{"line":12,"column":null}},"4":{"start":{"line":16,"column":2},"end":{"line":16,"column":null}}},"fnMap":{},"branchMap":{},"s":{"0":0,"1":0,"2":0,"3":0,"4":0},"f":{},"b":{}}
,"C:\\Gonzalo\\SafePay\\backend\\src\\modules\\users\\dto\\validate-rut.dto.ts": {"path":"C:\\Gonzalo\\SafePay\\backend\\src\\modules\\users\\dto\\validate-rut.dto.ts","statementMap":{"0":{"start":{"line":1,"column":0},"end":{"line":1,"column":52}},"1":{"start":{"line":3,"column":0},"end":{"line":3,"column":13}},"2":{"start":{"line":8,"column":2},"end":{"line":8,"column":null}}},"fnMap":{},"branchMap":{},"s":{"0":0,"1":0,"2":0},"f":{},"b":{}}
}
