TN:
SF:src\app.controller.ts
FN:8,(anonymous_4)
FN:14,(anonymous_5)
FN:24,(anonymous_6)
FNF:3
FNH:2
FNDA:1,(anonymous_4)
FNDA:1,(anonymous_5)
FNDA:0,(anonymous_6)
DA:1,1
DA:2,1
DA:3,1
DA:4,1
DA:7,1
DA:9,1
DA:10,1
DA:14,1
DA:15,1
DA:16,1
DA:24,1
DA:25,0
LF:12
LH:11
BRDA:17,0,0,1
BRDA:17,0,1,0
BRDA:18,1,0,1
BRDA:18,1,1,0
BRF:4
BRH:2
end_of_record
TN:
SF:src\app.module.ts
FN:74,(anonymous_1)
FNF:1
FNH:0
FNDA:0,(anonymous_1)
DA:1,0
DA:2,0
DA:3,0
DA:4,0
DA:5,0
DA:6,0
DA:7,0
DA:8,0
DA:9,0
DA:10,0
DA:11,0
DA:12,0
DA:13,0
DA:14,0
DA:15,0
DA:16,0
DA:17,0
DA:18,0
DA:19,0
DA:20,0
DA:21,0
DA:22,0
DA:23,0
DA:24,0
DA:25,0
DA:26,0
DA:74,0
DA:107,0
LF:28
LH:0
BRDA:76,0,0,0
BRDA:76,0,1,0
BRDA:77,1,0,0
BRDA:77,1,1,0
BRDA:78,2,0,0
BRDA:78,2,1,0
BRF:6
BRH:0
end_of_record
TN:
SF:src\app.service.ts
FNF:0
FNH:0
DA:1,0
DA:4,0
LF:2
LH:0
BRF:0
BRH:0
end_of_record
TN:
SF:src\main.ts
FN:4,(anonymous_0)
FN:10,bootstrap
FNF:2
FNH:0
FNDA:0,(anonymous_0)
FNDA:0,bootstrap
DA:1,0
DA:2,0
DA:4,0
DA:5,0
DA:6,0
DA:7,0
DA:8,0
DA:11,0
DA:13,0
DA:15,0
DA:17,0
DA:19,0
DA:28,0
DA:32,0
DA:37,0
DA:38,0
DA:39,0
DA:41,0
LF:18
LH:0
BRDA:28,0,0,0
BRDA:28,0,1,0
BRDA:37,1,0,0
BRDA:37,1,1,0
BRF:4
BRH:0
end_of_record
TN:
SF:src\common\decorators\current-user.decorator.ts
FN:4,(anonymous_0)
FNF:1
FNH:0
FNDA:0,(anonymous_0)
DA:1,0
DA:3,0
DA:5,0
DA:6,0
LF:4
LH:0
BRF:0
BRH:0
end_of_record
TN:
SF:src\common\decorators\roles.decorator.ts
FN:5,(anonymous_0)
FNF:1
FNH:0
FNDA:0,(anonymous_0)
DA:1,0
DA:4,0
DA:5,0
LF:3
LH:0
BRF:0
BRH:0
end_of_record
TN:
SF:src\common\enums\index.ts
FN:1,(anonymous_0)
FN:14,(anonymous_1)
FN:19,(anonymous_2)
FN:24,(anonymous_3)
FN:30,(anonymous_4)
FN:35,(anonymous_5)
FN:42,(anonymous_6)
FN:47,(anonymous_7)
FN:52,(anonymous_8)
FN:60,(anonymous_9)
FN:68,(anonymous_10)
FN:74,(anonymous_11)
FN:80,(anonymous_12)
FNF:13
FNH:13
FNDA:4,(anonymous_0)
FNDA:4,(anonymous_1)
FNDA:4,(anonymous_2)
FNDA:4,(anonymous_3)
FNDA:4,(anonymous_4)
FNDA:4,(anonymous_5)
FNDA:4,(anonymous_6)
FNDA:4,(anonymous_7)
FNDA:4,(anonymous_8)
FNDA:4,(anonymous_9)
FNDA:4,(anonymous_10)
FNDA:4,(anonymous_11)
FNDA:4,(anonymous_12)
DA:1,4
DA:2,4
DA:3,4
DA:4,4
DA:5,4
DA:6,4
DA:7,4
DA:8,4
DA:9,4
DA:10,4
DA:11,4
DA:14,4
DA:15,4
DA:16,4
DA:19,4
DA:20,4
DA:21,4
DA:24,4
DA:25,4
DA:26,4
DA:27,4
DA:30,4
DA:31,4
DA:32,4
DA:35,4
DA:36,4
DA:37,4
DA:38,4
DA:39,4
DA:42,4
DA:43,4
DA:44,4
DA:47,4
DA:48,4
DA:49,4
DA:52,4
DA:53,4
DA:54,4
DA:55,4
DA:56,4
DA:57,4
DA:60,4
DA:61,4
DA:62,4
DA:63,4
DA:64,4
DA:65,4
DA:68,4
DA:69,4
DA:70,4
DA:71,4
DA:74,4
DA:75,4
DA:76,4
DA:77,4
DA:80,4
DA:81,4
DA:82,4
DA:83,4
DA:84,4
DA:85,4
DA:86,4
DA:87,4
DA:88,4
LF:64
LH:64
BRDA:1,0,0,4
BRDA:1,0,1,4
BRDA:14,1,0,4
BRDA:14,1,1,4
BRDA:19,2,0,4
BRDA:19,2,1,4
BRDA:24,3,0,4
BRDA:24,3,1,4
BRDA:30,4,0,4
BRDA:30,4,1,4
BRDA:35,5,0,4
BRDA:35,5,1,4
BRDA:42,6,0,4
BRDA:42,6,1,4
BRDA:47,7,0,4
BRDA:47,7,1,4
BRDA:52,8,0,4
BRDA:52,8,1,4
BRDA:60,9,0,4
BRDA:60,9,1,4
BRDA:68,10,0,4
BRDA:68,10,1,4
BRDA:74,11,0,4
BRDA:74,11,1,4
BRDA:80,12,0,4
BRDA:80,12,1,4
BRF:26
BRH:26
end_of_record
TN:
SF:src\config\configuration.ts
FN:1,(anonymous_0)
FNF:1
FNH:0
FNDA:0,(anonymous_0)
DA:1,0
LF:1
LH:0
BRDA:2,0,0,0
BRDA:2,0,1,0
BRDA:3,1,0,0
BRDA:3,1,1,0
BRDA:4,2,0,0
BRDA:4,2,1,0
BRDA:7,3,0,0
BRDA:7,3,1,0
BRDA:8,4,0,0
BRDA:8,4,1,0
BRDA:9,5,0,0
BRDA:9,5,1,0
BRDA:10,6,0,0
BRDA:10,6,1,0
BRDA:11,7,0,0
BRDA:11,7,1,0
BRDA:15,8,0,0
BRDA:15,8,1,0
BRDA:16,9,0,0
BRDA:16,9,1,0
BRDA:17,10,0,0
BRDA:17,10,1,0
BRDA:18,11,0,0
BRDA:18,11,1,0
BRDA:22,12,0,0
BRDA:22,12,1,0
BRDA:23,13,0,0
BRDA:23,13,1,0
BRDA:24,14,0,0
BRDA:24,14,1,0
BRDA:25,15,0,0
BRDA:25,15,1,0
BRDA:26,16,0,0
BRDA:26,16,1,0
BRDA:30,17,0,0
BRDA:30,17,1,0
BRDA:31,18,0,0
BRDA:31,18,1,0
BRDA:32,19,0,0
BRDA:32,19,1,0
BRDA:36,20,0,0
BRDA:36,20,1,0
BRDA:37,21,0,0
BRDA:37,21,1,0
BRDA:38,22,0,0
BRDA:38,22,1,0
BRDA:39,23,0,0
BRDA:39,23,1,0
BRDA:43,24,0,0
BRDA:43,24,1,0
BRDA:47,25,0,0
BRDA:47,25,1,0
BRDA:48,26,0,0
BRDA:48,26,1,0
BRDA:52,27,0,0
BRDA:52,27,1,0
BRDA:53,28,0,0
BRDA:53,28,1,0
BRDA:54,29,0,0
BRDA:54,29,1,0
BRF:60
BRH:0
end_of_record
TN:
SF:src\database\data-source.ts
FNF:0
FNH:0
DA:1,0
DA:2,0
DA:3,0
DA:4,0
DA:5,0
DA:6,0
DA:7,0
DA:8,0
DA:9,0
DA:10,0
DA:12,0
LF:11
LH:0
BRDA:14,0,0,0
BRDA:14,0,1,0
BRDA:15,1,0,0
BRDA:15,1,1,0
BRDA:16,2,0,0
BRDA:16,2,1,0
BRF:6
BRH:0
end_of_record
TN:
SF:src\database\entities\dispute.entity.ts
FN:54,(anonymous_2)
FN:54,(anonymous_3)
FN:58,(anonymous_4)
FN:58,(anonymous_5)
FNF:4
FNH:0
FNDA:0,(anonymous_2)
FNDA:0,(anonymous_3)
FNDA:0,(anonymous_4)
FNDA:0,(anonymous_5)
DA:1,4
DA:11,4
DA:12,4
DA:13,4
DA:16,4
DA:18,4
DA:21,4
DA:24,4
DA:27,4
DA:30,4
DA:34,4
DA:37,4
DA:40,4
DA:43,4
DA:46,4
DA:49,4
DA:52,4
DA:54,0
DA:56,4
DA:58,0
DA:60,4
LF:21
LH:19
BRF:0
BRH:0
end_of_record
TN:
SF:src\database\entities\notification.entity.ts
FN:44,(anonymous_2)
FN:44,(anonymous_3)
FN:48,(anonymous_4)
FN:48,(anonymous_5)
FNF:4
FNH:0
FNDA:0,(anonymous_2)
FNDA:0,(anonymous_3)
FNDA:0,(anonymous_4)
FNDA:0,(anonymous_5)
DA:1,4
DA:10,4
DA:11,4
DA:12,4
DA:16,4
DA:18,4
DA:22,4
DA:25,4
DA:29,4
DA:32,4
DA:35,4
DA:39,4
DA:42,4
DA:44,0
DA:46,4
DA:48,0
DA:50,4
LF:17
LH:15
BRF:0
BRH:0
end_of_record
TN:
SF:src\database\entities\payment.entity.ts
FN:47,(anonymous_2)
FN:47,(anonymous_3)
FNF:2
FNH:0
FNDA:0,(anonymous_2)
FNDA:0,(anonymous_3)
DA:1,4
DA:9,4
DA:10,4
DA:13,4
DA:15,4
DA:18,4
DA:21,4
DA:24,4
DA:27,4
DA:30,4
DA:33,4
DA:36,4
DA:39,4
DA:42,4
DA:45,4
DA:47,0
DA:49,4
LF:17
LH:16
BRF:0
BRH:0
end_of_record
TN:
SF:src\database\entities\rating.entity.ts
FN:35,(anonymous_2)
FN:35,(anonymous_3)
FN:39,(anonymous_4)
FN:39,(anonymous_5)
FN:43,(anonymous_6)
FN:43,(anonymous_7)
FNF:6
FNH:0
FNDA:0,(anonymous_2)
FNDA:0,(anonymous_3)
FNDA:0,(anonymous_4)
FNDA:0,(anonymous_5)
FNDA:0,(anonymous_6)
FNDA:0,(anonymous_7)
DA:1,4
DA:9,4
DA:10,4
DA:13,4
DA:15,4
DA:18,4
DA:21,4
DA:24,4
DA:27,4
DA:30,4
DA:33,4
DA:35,0
DA:37,4
DA:39,0
DA:41,4
DA:43,0
DA:45,4
LF:17
LH:14
BRF:0
BRH:0
end_of_record
TN:
SF:src\database\entities\shipment.entity.ts
FN:43,(anonymous_2)
FN:43,(anonymous_3)
FNF:2
FNH:0
FNDA:0,(anonymous_2)
FNDA:0,(anonymous_3)
DA:1,4
DA:10,4
DA:11,4
DA:14,4
DA:16,4
DA:19,4
DA:22,4
DA:25,4
DA:29,4
DA:32,4
DA:35,4
DA:38,4
DA:41,4
DA:43,0
DA:45,4
LF:15
LH:14
BRF:0
BRH:0
end_of_record
TN:
SF:src\database\entities\transaction-file.entity.ts
FN:42,(anonymous_2)
FN:42,(anonymous_3)
FN:46,(anonymous_4)
FN:46,(anonymous_5)
FNF:4
FNH:0
FNDA:0,(anonymous_2)
FNDA:0,(anonymous_3)
FNDA:0,(anonymous_4)
FNDA:0,(anonymous_5)
DA:1,4
DA:10,4
DA:11,4
DA:12,4
DA:16,4
DA:18,4
DA:21,4
DA:24,4
DA:28,4
DA:31,4
DA:34,4
DA:37,4
DA:40,4
DA:42,0
DA:44,4
DA:46,0
DA:48,4
LF:17
LH:15
BRF:0
BRH:0
end_of_record
TN:
SF:src\database\entities\transaction.entity.ts
FN:77,(anonymous_2)
FN:77,(anonymous_3)
FN:81,(anonymous_4)
FN:81,(anonymous_5)
FN:85,(anonymous_6)
FN:85,(anonymous_7)
FN:88,(anonymous_8)
FN:88,(anonymous_9)
FN:91,(anonymous_10)
FN:91,(anonymous_11)
FN:94,(anonymous_12)
FN:94,(anonymous_13)
FN:97,(anonymous_14)
FN:97,(anonymous_15)
FN:100,(anonymous_16)
FN:100,(anonymous_17)
FNF:16
FNH:0
FNDA:0,(anonymous_2)
FNDA:0,(anonymous_3)
FNDA:0,(anonymous_4)
FNDA:0,(anonymous_5)
FNDA:0,(anonymous_6)
FNDA:0,(anonymous_7)
FNDA:0,(anonymous_8)
FNDA:0,(anonymous_9)
FNDA:0,(anonymous_10)
FNDA:0,(anonymous_11)
FNDA:0,(anonymous_12)
FNDA:0,(anonymous_13)
FNDA:0,(anonymous_14)
FNDA:0,(anonymous_15)
FNDA:0,(anonymous_16)
FNDA:0,(anonymous_17)
DA:1,4
DA:12,4
DA:13,4
DA:14,4
DA:15,4
DA:16,4
DA:17,4
DA:18,4
DA:19,4
DA:24,4
DA:26,4
DA:29,4
DA:32,4
DA:35,4
DA:38,4
DA:42,4
DA:45,4
DA:48,4
DA:51,4
DA:55,4
DA:58,4
DA:61,4
DA:65,4
DA:69,4
DA:72,4
DA:75,4
DA:77,0
DA:79,4
DA:81,0
DA:83,4
DA:85,0
DA:86,4
DA:88,0
DA:89,4
DA:91,0
DA:92,4
DA:94,0
DA:95,4
DA:97,0
DA:98,4
DA:100,0
DA:101,4
LF:42
LH:34
BRF:0
BRH:0
end_of_record
TN:
SF:src\database\entities\user.entity.ts
FN:70,(anonymous_2)
FN:70,(anonymous_3)
FN:73,(anonymous_4)
FN:73,(anonymous_5)
FN:76,(anonymous_6)
FN:76,(anonymous_7)
FN:79,(anonymous_8)
FN:79,(anonymous_9)
FN:82,(anonymous_10)
FN:82,(anonymous_11)
FN:85,(anonymous_12)
FN:85,(anonymous_13)
FN:88,(anonymous_14)
FN:88,(anonymous_15)
FNF:14
FNH:0
FNDA:0,(anonymous_2)
FNDA:0,(anonymous_3)
FNDA:0,(anonymous_4)
FNDA:0,(anonymous_5)
FNDA:0,(anonymous_6)
FNDA:0,(anonymous_7)
FNDA:0,(anonymous_8)
FNDA:0,(anonymous_9)
FNDA:0,(anonymous_10)
FNDA:0,(anonymous_11)
FNDA:0,(anonymous_12)
FNDA:0,(anonymous_13)
FNDA:0,(anonymous_14)
FNDA:0,(anonymous_15)
DA:1,4
DA:9,4
DA:10,4
DA:11,4
DA:12,4
DA:13,4
DA:14,4
DA:15,4
DA:18,4
DA:20,4
DA:23,4
DA:26,4
DA:29,4
DA:32,4
DA:35,4
DA:38,4
DA:42,4
DA:46,4
DA:49,4
DA:52,4
DA:55,4
DA:58,4
DA:62,4
DA:65,4
DA:68,4
DA:70,0
DA:71,4
DA:73,0
DA:74,4
DA:76,0
DA:77,4
DA:79,0
DA:80,4
DA:82,0
DA:83,4
DA:85,0
DA:86,4
DA:88,0
DA:89,4
LF:39
LH:32
BRF:0
BRH:0
end_of_record
TN:
SF:src\modules\admin\admin.controller.ts
FN:37,(anonymous_4)
FN:42,(anonymous_5)
FN:47,(anonymous_6)
FN:53,(anonymous_7)
FN:60,(anonymous_8)
FN:65,(anonymous_9)
FN:71,(anonymous_10)
FN:78,(anonymous_11)
FN:83,(anonymous_12)
FN:89,(anonymous_13)
FNF:10
FNH:0
FNDA:0,(anonymous_4)
FNDA:0,(anonymous_5)
FNDA:0,(anonymous_6)
FNDA:0,(anonymous_7)
FNDA:0,(anonymous_8)
FNDA:0,(anonymous_9)
FNDA:0,(anonymous_10)
FNDA:0,(anonymous_11)
FNDA:0,(anonymous_12)
FNDA:0,(anonymous_13)
DA:1,0
DA:12,0
DA:13,0
DA:14,0
DA:15,0
DA:16,0
DA:17,0
DA:21,0
DA:25,0
DA:30,0
DA:36,0
DA:37,0
DA:42,0
DA:43,0
DA:47,0
DA:48,0
DA:53,0
DA:54,0
DA:60,0
DA:61,0
DA:65,0
DA:66,0
DA:71,0
DA:72,0
DA:78,0
DA:79,0
DA:83,0
DA:84,0
DA:89,0
DA:90,0
LF:30
LH:0
BRF:0
BRH:0
end_of_record
TN:
SF:src\modules\admin\admin.module.ts
FNF:0
FNH:0
DA:1,0
DA:2,0
DA:3,0
DA:4,0
DA:5,0
DA:6,0
DA:7,0
DA:8,0
DA:15,0
LF:9
LH:0
BRF:0
BRH:0
end_of_record
TN:
SF:src\modules\admin\admin.service.ts
FN:21,(anonymous_4)
FN:34,(anonymous_5)
FN:42,(anonymous_6)
FN:57,(anonymous_7)
FN:96,(anonymous_8)
FN:108,(anonymous_9)
FN:117,(anonymous_10)
FN:136,(anonymous_11)
FN:141,(anonymous_12)
FN:144,(anonymous_13)
FN:158,(anonymous_14)
FNF:11
FNH:0
FNDA:0,(anonymous_4)
FNDA:0,(anonymous_5)
FNDA:0,(anonymous_6)
FNDA:0,(anonymous_7)
FNDA:0,(anonymous_8)
FNDA:0,(anonymous_9)
FNDA:0,(anonymous_10)
FNDA:0,(anonymous_11)
FNDA:0,(anonymous_12)
FNDA:0,(anonymous_13)
FNDA:0,(anonymous_14)
DA:1,0
DA:7,0
DA:8,0
DA:9,0
DA:10,0
DA:11,0
DA:12,0
DA:13,0
DA:15,0
DA:18,0
DA:19,0
DA:23,0
DA:25,0
DA:27,0
DA:29,0
DA:35,0
DA:43,0
DA:53,0
DA:54,0
DA:61,0
DA:65,0
DA:66,0
DA:67,0
DA:70,0
DA:71,0
DA:72,0
DA:73,0
DA:74,0
DA:76,0
DA:77,0
DA:79,0
DA:80,0
DA:81,0
DA:84,0
DA:85,0
DA:87,0
DA:88,0
DA:90,0
DA:91,0
DA:97,0
DA:100,0
DA:109,0
DA:113,0
DA:114,0
DA:118,0
DA:119,0
DA:123,0
DA:124,0
DA:126,0
DA:127,0
DA:128,0
DA:130,0
DA:131,0
DA:137,0
DA:141,0
DA:145,0
DA:146,0
DA:148,0
DA:154,0
DA:155,0
DA:159,0
DA:160,0
DA:161,0
DA:163,0
DA:164,0
DA:166,0
DA:167,0
LF:67
LH:0
BRDA:53,0,0,0
BRDA:65,1,0,0
BRDA:66,2,0,0
BRDA:79,3,0,0
BRDA:79,3,1,0
BRDA:81,4,0,0
BRDA:85,5,0,0
BRDA:88,6,0,0
BRDA:97,7,0,0
BRDA:97,7,1,0
BRDA:97,8,0,0
BRDA:97,8,1,0
BRDA:113,9,0,0
BRDA:118,10,0,0
BRDA:124,11,0,0
BRDA:146,12,0,0
BRDA:160,13,0,0
BRDA:161,14,0,0
BRF:18
BRH:0
end_of_record
TN:
SF:src\modules\auth\auth.controller.ts
FN:23,(anonymous_4)
FN:26,(anonymous_5)
FN:32,(anonymous_6)
FN:38,(anonymous_7)
FN:48,(anonymous_8)
FN:60,(anonymous_9)
FNF:6
FNH:0
FNDA:0,(anonymous_4)
FNDA:0,(anonymous_5)
FNDA:0,(anonymous_6)
FNDA:0,(anonymous_7)
FNDA:0,(anonymous_8)
FNDA:0,(anonymous_9)
DA:1,0
DA:11,0
DA:13,0
DA:14,0
DA:15,0
DA:16,0
DA:17,0
DA:18,0
DA:22,0
DA:23,0
DA:26,0
DA:27,0
DA:32,0
DA:33,0
DA:38,0
DA:42,0
DA:48,0
DA:53,0
DA:54,0
DA:60,0
DA:64,0
LF:21
LH:0
BRDA:53,0,0,0
BRDA:53,0,1,0
BRF:2
BRH:0
end_of_record
TN:
SF:src\modules\auth\auth.module.ts
FN:19,(anonymous_1)
FNF:1
FNH:0
FNDA:0,(anonymous_1)
DA:1,0
DA:2,0
DA:3,0
DA:4,0
DA:5,0
DA:6,0
DA:7,0
DA:8,0
DA:9,0
DA:10,0
DA:19,0
DA:29,0
LF:12
LH:0
BRF:0
BRH:0
end_of_record
TN:
SF:src\modules\auth\auth.service.ts
FN:25,(anonymous_4)
FN:42,(anonymous_5)
FN:59,(anonymous_6)
FN:69,(anonymous_7)
FN:94,(anonymous_8)
FN:117,(anonymous_9)
FN:125,(anonymous_10)
FN:133,(anonymous_11)
FN:143,(anonymous_12)
FN:147,(anonymous_13)
FN:157,(anonymous_14)
FN:164,(anonymous_15)
FNF:12
FNH:12
FNDA:11,(anonymous_4)
FNDA:2,(anonymous_5)
FNDA:2,(anonymous_6)
FNDA:3,(anonymous_7)
FNDA:3,(anonymous_8)
FNDA:1,(anonymous_9)
FNDA:2,(anonymous_10)
FNDA:2,(anonymous_11)
FNDA:4,(anonymous_12)
FNDA:2,(anonymous_13)
FNDA:2,(anonymous_14)
FNDA:2,(anonymous_15)
DA:1,1
DA:6,1
DA:7,1
DA:8,1
DA:9,1
DA:11,1
DA:12,1
DA:13,1
DA:19,1
DA:27,11
DA:28,11
DA:29,11
DA:31,11
DA:32,11
DA:33,11
DA:34,11
DA:35,11
DA:37,11
DA:38,0
DA:43,2
DA:44,2
DA:45,1
DA:48,1
DA:53,1
DA:55,1
DA:56,1
DA:60,2
DA:61,2
DA:62,1
DA:65,1
DA:66,1
DA:73,3
DA:74,3
DA:75,1
DA:78,2
DA:80,1
DA:81,1
DA:82,1
DA:83,1
DA:85,1
DA:87,1
DA:88,1
DA:99,3
DA:100,3
DA:101,1
DA:104,2
DA:105,2
DA:106,1
DA:109,1
DA:110,1
DA:111,1
DA:113,1
DA:114,1
DA:118,1
DA:119,1
DA:120,1
DA:126,2
DA:134,2
DA:144,4
DA:148,2
DA:149,2
DA:158,2
DA:159,0
DA:165,2
DA:167,1
DA:171,1
DA:172,1
LF:67
LH:65
BRDA:33,0,0,11
BRDA:33,0,1,0
BRDA:35,1,0,11
BRDA:35,1,1,0
BRDA:37,2,0,0
BRDA:37,3,0,11
BRDA:37,3,1,0
BRDA:44,4,0,1
BRDA:61,5,0,1
BRDA:74,6,0,1
BRDA:100,7,0,1
BRDA:100,8,0,3
BRDA:100,8,1,3
BRDA:105,9,0,1
BRDA:158,10,0,2
BRDA:165,11,0,1
BRDA:171,12,0,1
BRF:17
BRH:13
end_of_record
TN:
SF:src\modules\auth\dto\login.dto.ts
FNF:0
FNH:0
DA:1,0
DA:3,0
DA:5,0
LF:3
LH:0
BRF:0
BRH:0
end_of_record
TN:
SF:src\modules\auth\dto\register.dto.ts
FNF:0
FNH:0
DA:1,0
DA:3,0
DA:5,0
DA:10,0
LF:4
LH:0
BRF:0
BRH:0
end_of_record
TN:
SF:src\modules\auth\dto\verify-otp.dto.ts
FNF:0
FNH:0
DA:1,0
DA:3,0
DA:5,0
DA:9,0
LF:4
LH:0
BRF:0
BRH:0
end_of_record
TN:
SF:src\modules\auth\guards\jwt-auth.guard.ts
FNF:0
FNH:0
DA:1,0
DA:2,0
DA:5,0
LF:3
LH:0
BRF:0
BRH:0
end_of_record
TN:
SF:src\modules\auth\guards\jwt-refresh.guard.ts
FNF:0
FNH:0
DA:1,0
DA:2,0
DA:5,0
LF:3
LH:0
BRF:0
BRH:0
end_of_record
TN:
SF:src\modules\auth\guards\roles.guard.ts
FN:8,(anonymous_2)
FN:10,(anonymous_3)
FNF:2
FNH:0
FNDA:0,(anonymous_2)
FNDA:0,(anonymous_3)
DA:1,0
DA:2,0
DA:3,0
DA:7,0
DA:8,0
DA:11,0
DA:15,0
DA:17,0
DA:18,0
LF:9
LH:0
BRDA:15,0,0,0
BRF:1
BRH:0
end_of_record
TN:
SF:src\modules\auth\strategies\jwt-refresh.strategy.ts
FN:9,(anonymous_2)
FN:12,(anonymous_3)
FN:20,(anonymous_4)
FNF:3
FNH:0
FNDA:0,(anonymous_2)
FNDA:0,(anonymous_3)
FNDA:0,(anonymous_4)
DA:1,0
DA:2,0
DA:3,0
DA:4,0
DA:8,0
DA:10,0
DA:12,0
DA:21,0
LF:8
LH:0
BRDA:12,0,0,0
BRDA:12,0,1,0
BRDA:15,1,0,0
BRDA:15,1,1,0
BRF:4
BRH:0
end_of_record
TN:
SF:src\modules\auth\strategies\jwt.strategy.ts
FN:8,(anonymous_2)
FN:16,(anonymous_3)
FNF:2
FNH:0
FNDA:0,(anonymous_2)
FNDA:0,(anonymous_3)
DA:1,0
DA:2,0
DA:3,0
DA:4,0
DA:7,0
DA:9,0
DA:17,0
LF:7
LH:0
BRDA:12,0,0,0
BRDA:12,0,1,0
BRF:2
BRH:0
end_of_record
TN:
SF:src\modules\disputes\disputes.controller.ts
FN:24,(anonymous_4)
FN:28,(anonymous_5)
FN:38,(anonymous_6)
FN:47,(anonymous_7)
FN:55,(anonymous_8)
FNF:5
FNH:0
FNDA:0,(anonymous_4)
FNDA:0,(anonymous_5)
FNDA:0,(anonymous_6)
FNDA:0,(anonymous_7)
FNDA:0,(anonymous_8)
DA:1,0
DA:11,0
DA:12,0
DA:13,0
DA:14,0
DA:15,0
DA:16,0
DA:17,0
DA:18,0
DA:19,0
DA:23,0
DA:24,0
DA:28,0
DA:33,0
DA:38,0
DA:43,0
DA:47,0
DA:48,0
DA:55,0
DA:60,0
LF:20
LH:0
BRF:0
BRH:0
end_of_record
TN:
SF:src\modules\disputes\disputes.module.ts
FNF:0
FNH:0
DA:1,0
DA:2,0
DA:3,0
DA:4,0
DA:5,0
DA:6,0
DA:7,0
DA:8,0
DA:9,0
DA:10,0
DA:23,0
LF:11
LH:0
BRF:0
BRH:0
end_of_record
TN:
SF:src\modules\disputes\disputes.service.ts
FN:39,(anonymous_4)
FN:56,(anonymous_5)
FN:108,(anonymous_6)
FN:146,(anonymous_7)
FN:157,(anonymous_8)
FN:200,(anonymous_9)
FN:239,(anonymous_10)
FN:274,(anonymous_11)
FN:293,(anonymous_12)
FNF:9
FNH:0
FNDA:0,(anonymous_4)
FNDA:0,(anonymous_5)
FNDA:0,(anonymous_6)
FNDA:0,(anonymous_7)
FNDA:0,(anonymous_8)
FNDA:0,(anonymous_9)
FNDA:0,(anonymous_10)
FNDA:0,(anonymous_11)
FNDA:0,(anonymous_12)
DA:1,0
DA:9,0
DA:10,0
DA:11,0
DA:12,0
DA:13,0
DA:14,0
DA:15,0
DA:16,0
DA:17,0
DA:18,0
DA:26,0
DA:32,0
DA:33,0
DA:36,0
DA:41,0
DA:43,0
DA:45,0
DA:46,0
DA:47,0
DA:48,0
DA:50,0
DA:51,0
DA:61,0
DA:62,0
DA:64,0
DA:65,0
DA:68,0
DA:69,0
DA:70,0
DA:73,0
DA:74,0
DA:76,0
DA:78,0
DA:86,0
DA:88,0
DA:89,0
DA:90,0
DA:92,0
DA:93,0
DA:94,0
DA:103,0
DA:113,0
DA:117,0
DA:119,0
DA:120,0
DA:123,0
DA:124,0
DA:125,0
DA:126,0
DA:129,0
DA:130,0
DA:131,0
DA:133,0
DA:141,0
DA:147,0
DA:151,0
DA:152,0
DA:162,0
DA:166,0
DA:168,0
DA:169,0
DA:172,0
DA:173,0
DA:175,0
DA:176,0
DA:177,0
DA:178,0
DA:179,0
DA:181,0
DA:183,0
DA:184,0
DA:185,0
DA:194,0
DA:200,0
DA:201,0
DA:206,0
DA:207,0
DA:209,0
DA:210,0
DA:211,0
DA:212,0
DA:214,0
DA:215,0
DA:216,0
DA:217,0
DA:218,0
DA:220,0
DA:222,0
DA:223,0
DA:232,0
DA:244,0
DA:246,0
DA:247,0
DA:248,0
DA:251,0
DA:252,0
DA:253,0
DA:256,0
DA:257,0
DA:258,0
DA:259,0
DA:260,0
DA:264,0
DA:265,0
DA:268,0
DA:271,0
DA:275,0
DA:276,0
DA:277,0
DA:279,0
DA:280,0
DA:281,0
DA:289,0
DA:294,0
DA:295,0
DA:296,0
DA:298,0
DA:299,0
DA:307,0
LF:120
LH:0
BRDA:50,0,0,0
BRDA:50,0,1,0
BRDA:62,1,0,0
BRDA:64,2,0,0
BRDA:68,3,0,0
BRDA:68,3,1,0
BRDA:69,4,0,0
BRDA:74,5,0,0
BRDA:92,6,0,0
BRDA:92,6,1,0
BRDA:93,7,0,0
BRDA:117,8,0,0
BRDA:119,9,0,0
BRDA:124,10,0,0
BRDA:124,10,1,0
BRDA:125,11,0,0
BRDA:134,12,0,0
BRDA:134,12,1,0
BRDA:134,13,0,0
BRDA:134,13,1,0
BRDA:151,14,0,0
BRDA:166,15,0,0
BRDA:168,16,0,0
BRDA:206,17,0,0
BRDA:244,18,0,0
BRDA:244,18,1,0
BRDA:244,18,2,0
BRDA:246,19,0,0
BRDA:246,19,1,0
BRDA:251,20,0,0
BRDA:251,20,1,0
BRDA:256,21,0,0
BRDA:256,21,1,0
BRDA:257,22,0,0
BRDA:257,22,1,0
BRDA:258,23,0,0
BRDA:258,23,1,0
BRDA:264,24,0,0
BRDA:265,25,0,0
BRDA:265,25,1,0
BRDA:275,26,0,0
BRDA:275,27,0,0
BRDA:275,27,1,0
BRDA:279,28,0,0
BRDA:279,28,1,0
BRDA:294,29,0,0
BRDA:294,30,0,0
BRDA:294,30,1,0
BRF:48
BRH:0
end_of_record
TN:
SF:src\modules\disputes\dto\open-dispute.dto.ts
FNF:0
FNH:0
DA:1,0
DA:2,0
DA:4,0
DA:6,0
DA:11,0
LF:5
LH:0
BRF:0
BRH:0
end_of_record
TN:
SF:src\modules\disputes\dto\resolve-dispute.dto.ts
FNF:0
FNH:0
DA:1,0
DA:2,0
DA:4,0
DA:6,0
DA:11,0
LF:5
LH:0
BRF:0
BRH:0
end_of_record
TN:
SF:src\modules\disputes\dto\respond-dispute.dto.ts
FNF:0
FNH:0
DA:1,0
DA:3,0
DA:7,0
LF:3
LH:0
BRF:0
BRH:0
end_of_record
TN:
SF:src\modules\files\files.controller.ts
FN:29,(anonymous_4)
FN:42,(anonymous_5)
FN:59,(anonymous_6)
FN:65,(anonymous_7)
FN:36,(anonymous_8)
FNF:5
FNH:0
FNDA:0,(anonymous_4)
FNDA:0,(anonymous_5)
FNDA:0,(anonymous_6)
FNDA:0,(anonymous_7)
FNDA:0,(anonymous_8)
DA:1,0
DA:17,0
DA:18,0
DA:19,0
DA:20,0
DA:21,0
DA:22,0
DA:24,0
DA:28,0
DA:29,0
DA:37,0
DA:38,0
DA:42,0
DA:55,0
DA:59,0
DA:60,0
DA:65,0
DA:66,0
LF:18
LH:0
BRF:0
BRH:0
end_of_record
TN:
SF:src\modules\files\files.module.ts
FNF:0
FNH:0
DA:1,0
DA:2,0
DA:3,0
DA:4,0
DA:5,0
DA:6,0
DA:7,0
DA:18,0
LF:8
LH:0
BRF:0
BRH:0
end_of_record
TN:
SF:src\modules\files\files.service.ts
FN:29,(anonymous_4)
FN:47,(anonymous_5)
FN:96,(anonymous_6)
FN:123,(anonymous_7)
FNF:4
FNH:0
FNDA:0,(anonymous_4)
FNDA:0,(anonymous_5)
FNDA:0,(anonymous_6)
FNDA:0,(anonymous_7)
DA:1,0
DA:9,0
DA:10,0
DA:11,0
DA:12,0
DA:13,0
DA:14,0
DA:15,0
DA:16,0
DA:19,0
DA:20,0
DA:23,0
DA:24,0
DA:25,0
DA:31,0
DA:33,0
DA:34,0
DA:36,0
DA:37,0
DA:38,0
DA:39,0
DA:40,0
DA:42,0
DA:43,0
DA:52,0
DA:53,0
DA:55,0
DA:56,0
DA:59,0
DA:60,0
DA:61,0
DA:62,0
DA:65,0
DA:66,0
DA:70,0
DA:71,0
DA:80,0
DA:83,0
DA:91,0
DA:93,0
DA:100,0
DA:101,0
DA:103,0
DA:104,0
DA:105,0
DA:106,0
DA:109,0
DA:110,0
DA:111,0
DA:114,0
DA:119,0
DA:120,0
DA:124,0
DA:125,0
DA:127,0
DA:128,0
DA:129,0
DA:130,0
DA:133,0
DA:134,0
DA:138,0
DA:141,0
DA:142,0
LF:63
LH:0
BRDA:36,0,0,0
BRDA:36,0,1,0
BRDA:37,1,0,0
BRDA:37,1,1,0
BRDA:38,2,0,0
BRDA:38,2,1,0
BRDA:39,3,0,0
BRDA:39,3,1,0
BRDA:40,4,0,0
BRDA:40,4,1,0
BRDA:42,5,0,0
BRDA:52,6,0,0
BRDA:55,7,0,0
BRDA:60,8,0,0
BRDA:61,9,0,0
BRDA:61,10,0,0
BRDA:61,10,1,0
BRDA:66,11,0,0
BRDA:66,11,1,0
BRDA:70,12,0,0
BRDA:70,12,1,0
BRDA:70,13,0,0
BRDA:70,13,1,0
BRDA:101,14,0,0
BRDA:104,15,0,0
BRDA:105,16,0,0
BRDA:105,17,0,0
BRDA:105,17,1,0
BRDA:109,18,0,0
BRDA:109,19,0,0
BRDA:109,19,1,0
BRDA:125,20,0,0
BRDA:128,21,0,0
BRDA:129,22,0,0
BRDA:129,23,0,0
BRDA:129,23,1,0
BRDA:129,23,2,0
BRDA:133,24,0,0
BRDA:133,24,1,0
BRDA:133,25,0,0
BRDA:133,25,1,0
BRF:41
BRH:0
end_of_record
TN:
SF:src\modules\files\dto\upload-file.dto.ts
FNF:0
FNH:0
DA:1,0
DA:2,0
DA:4,0
DA:6,0
DA:9,0
LF:5
LH:0
BRF:0
BRH:0
end_of_record
TN:
SF:src\modules\notifications\notifications.controller.ts
FN:20,(anonymous_4)
FN:24,(anonymous_5)
FN:32,(anonymous_6)
FN:38,(anonymous_7)
FNF:4
FNH:0
FNDA:0,(anonymous_4)
FNDA:0,(anonymous_5)
FNDA:0,(anonymous_6)
FNDA:0,(anonymous_7)
DA:1,0
DA:12,0
DA:13,0
DA:14,0
DA:15,0
DA:19,0
DA:20,0
DA:24,0
DA:28,0
DA:32,0
DA:33,0
DA:38,0
DA:42,0
LF:13
LH:0
BRF:0
BRH:0
end_of_record
TN:
SF:src\modules\notifications\notifications.module.ts
FNF:0
FNH:0
DA:1,0
DA:2,0
DA:3,0
DA:4,0
DA:5,0
DA:6,0
DA:7,0
DA:18,0
LF:8
LH:0
BRF:0
BRH:0
end_of_record
TN:
SF:src\modules\notifications\notifications.service.ts
FN:24,(anonymous_4)
FN:35,(anonymous_5)
FN:55,(anonymous_6)
FN:62,(anonymous_7)
FN:72,(anonymous_8)
FN:79,(anonymous_9)
FN:100,(anonymous_10)
FNF:7
FNH:0
FNDA:0,(anonymous_4)
FNDA:0,(anonymous_5)
FNDA:0,(anonymous_6)
FNDA:0,(anonymous_7)
FNDA:0,(anonymous_8)
FNDA:0,(anonymous_9)
FNDA:0,(anonymous_10)
DA:1,1
DA:2,1
DA:3,1
DA:4,1
DA:5,1
DA:6,1
DA:7,1
DA:19,1
DA:20,0
DA:21,0
DA:26,0
DA:28,0
DA:29,0
DA:31,0
DA:32,0
DA:36,0
DA:37,0
DA:38,0
DA:39,0
DA:42,0
DA:43,0
DA:44,0
DA:49,0
DA:56,0
DA:57,0
DA:63,0
DA:73,0
DA:74,0
DA:81,0
DA:89,0
DA:92,0
DA:106,0
DA:107,0
DA:108,0
DA:111,0
DA:112,0
DA:114,0
DA:115,0
DA:123,0
LF:39
LH:8
BRDA:31,0,0,0
BRDA:31,0,1,0
BRDA:36,1,0,0
BRDA:36,1,1,0
BRDA:37,2,0,0
BRDA:94,3,0,0
BRDA:94,3,1,0
BRDA:106,4,0,0
BRDA:112,5,0,0
BRF:9
BRH:0
end_of_record
TN:
SF:src\modules\notifications\dto\register-device.dto.ts
FNF:0
FNH:0
DA:1,0
DA:3,0
DA:6,0
LF:3
LH:0
BRF:0
BRH:0
end_of_record
TN:
SF:src\modules\payments\payments.controller.ts
FN:21,(anonymous_4)
FN:25,(anonymous_5)
FN:35,(anonymous_6)
FN:45,(anonymous_7)
FN:52,(anonymous_8)
FN:59,(anonymous_9)
FNF:6
FNH:0
FNDA:0,(anonymous_4)
FNDA:0,(anonymous_5)
FNDA:0,(anonymous_6)
FNDA:0,(anonymous_7)
FNDA:0,(anonymous_8)
FNDA:0,(anonymous_9)
DA:1,0
DA:14,0
DA:15,0
DA:16,0
DA:17,0
DA:20,0
DA:21,0
DA:25,0
DA:29,0
DA:35,0
DA:39,0
DA:45,0
DA:46,0
DA:52,0
DA:53,0
DA:59,0
DA:63,0
LF:17
LH:0
BRF:0
BRH:0
end_of_record
TN:
SF:src\modules\payments\payments.module.ts
FNF:0
FNH:0
DA:1,0
DA:2,0
DA:3,0
DA:4,0
DA:5,0
DA:6,0
DA:7,0
DA:8,0
DA:9,0
DA:10,0
DA:24,0
LF:11
LH:0
BRF:0
BRH:0
end_of_record
TN:
SF:src\modules\payments\payments.service.ts
FN:30,(anonymous_4)
FN:46,(anonymous_5)
FN:131,(anonymous_6)
FN:167,(anonymous_7)
FN:217,(anonymous_8)
FN:251,(anonymous_9)
FN:257,(anonymous_10)
FN:316,(anonymous_11)
FNF:8
FNH:7
FNDA:20,(anonymous_4)
FNDA:8,(anonymous_5)
FNDA:4,(anonymous_6)
FNDA:4,(anonymous_7)
FNDA:2,(anonymous_8)
FNDA:4,(anonymous_9)
FNDA:1,(anonymous_10)
FNDA:0,(anonymous_11)
DA:1,1
DA:9,1
DA:10,1
DA:11,1
DA:12,1
DA:13,1
DA:14,1
DA:15,1
DA:16,1
DA:17,1
DA:18,1
DA:19,1
DA:23,1
DA:24,20
DA:32,20
DA:34,20
DA:35,20
DA:36,20
DA:37,20
DA:38,20
DA:40,20
DA:41,20
DA:42,20
DA:43,20
DA:50,8
DA:54,8
DA:56,7
DA:57,1
DA:61,6
DA:62,1
DA:67,5
DA:68,5
DA:71,5
DA:74,5
DA:75,1
DA:78,4
DA:80,4
DA:81,4
DA:83,4
DA:84,0
DA:85,0
DA:103,0
DA:110,0
DA:111,0
DA:112,4
DA:113,4
DA:116,4
DA:123,4
DA:126,4
DA:128,4
DA:135,4
DA:138,3
DA:139,2
DA:143,2
DA:144,2
DA:145,2
DA:149,1
DA:152,1
DA:155,2
DA:160,2
DA:161,1
DA:164,2
DA:171,4
DA:175,4
DA:177,3
DA:178,1
DA:181,2
DA:184,2
DA:185,2
DA:186,1
DA:189,1
DA:191,0
DA:192,0
DA:196,0
DA:204,1
DA:207,1
DA:208,1
DA:209,1
DA:211,1
DA:212,1
DA:214,1
DA:218,2
DA:222,2
DA:224,2
DA:225,1
DA:228,1
DA:229,0
DA:237,1
DA:240,1
DA:241,1
DA:243,1
DA:244,1
DA:246,1
DA:252,4
DA:253,3
DA:254,1
DA:258,1
DA:261,0
DA:262,0
DA:268,0
DA:270,0
DA:271,0
DA:274,0
DA:275,0
DA:277,0
DA:281,0
DA:283,0
DA:285,0
DA:286,0
DA:287,0
DA:288,0
DA:290,0
DA:291,0
DA:292,0
DA:293,0
DA:300,0
DA:303,0
DA:304,0
DA:305,0
DA:308,0
DA:309,0
DA:310,0
DA:311,0
DA:312,0
DA:317,0
DA:318,0
DA:320,0
DA:324,0
DA:325,0
DA:326,0
DA:328,0
DA:329,0
DA:330,0
DA:331,0
DA:332,0
DA:339,0
LF:136
LH:88
BRDA:40,0,0,20
BRDA:40,0,1,0
BRDA:41,1,0,20
BRDA:41,1,1,0
BRDA:42,2,0,20
BRDA:42,2,1,0
BRDA:54,3,0,1
BRDA:56,4,0,1
BRDA:61,5,0,1
BRDA:61,6,0,6
BRDA:61,6,1,1
BRDA:67,7,0,5
BRDA:67,7,1,0
BRDA:68,8,0,5
BRDA:68,8,1,0
BRDA:74,9,0,1
BRDA:83,10,0,0
BRDA:83,10,1,4
BRDA:83,11,0,4
BRDA:83,11,1,0
BRDA:112,12,0,4
BRDA:118,13,0,4
BRDA:118,13,1,4
BRDA:135,14,0,1
BRDA:138,15,0,2
BRDA:138,15,1,1
BRDA:143,16,0,2
BRDA:143,16,1,0
BRDA:145,17,0,1
BRDA:146,18,0,2
BRDA:146,18,1,1
BRDA:160,19,0,1
BRDA:160,20,0,2
BRDA:160,20,1,1
BRDA:175,21,0,1
BRDA:177,22,0,1
BRDA:184,23,0,2
BRDA:184,23,1,0
BRDA:185,24,0,1
BRDA:189,25,0,0
BRDA:189,25,1,1
BRDA:189,26,0,1
BRDA:189,26,1,0
BRDA:191,27,0,0
BRDA:191,27,1,0
BRDA:192,28,0,0
BRDA:192,28,1,0
BRDA:222,29,0,0
BRDA:224,30,0,1
BRDA:228,31,0,0
BRDA:228,31,1,1
BRDA:228,32,0,1
BRDA:228,32,1,0
BRDA:252,33,0,1
BRDA:253,34,0,2
BRDA:258,35,0,1
BRDA:275,36,0,0
BRDA:281,37,0,0
BRDA:283,38,0,0
BRDA:283,38,1,0
BRDA:283,38,2,0
BRDA:287,39,0,0
BRDA:287,39,1,0
BRDA:289,40,0,0
BRDA:289,40,1,0
BRDA:289,41,0,0
BRDA:289,41,1,0
BRDA:317,42,0,0
BRDA:324,43,0,0
BRDA:325,44,0,0
BRF:70
BRH:38
end_of_record
TN:
SF:src\modules\payments\dto\initiate-payment.dto.ts
FNF:0
FNH:0
DA:1,0
DA:3,0
DA:5,0
LF:3
LH:0
BRF:0
BRH:0
end_of_record
TN:
SF:src\modules\shipping\shipping.controller.ts
FN:22,(anonymous_4)
FN:26,(anonymous_5)
FN:35,(anonymous_6)
FN:45,(anonymous_7)
FN:52,(anonymous_8)
FNF:5
FNH:0
FNDA:0,(anonymous_4)
FNDA:0,(anonymous_5)
FNDA:0,(anonymous_6)
FNDA:0,(anonymous_7)
FNDA:0,(anonymous_8)
DA:1,0
DA:15,0
DA:16,0
DA:17,0
DA:18,0
DA:21,0
DA:22,0
DA:26,0
DA:30,0
DA:35,0
DA:39,0
DA:45,0
DA:46,0
DA:52,0
DA:56,0
LF:15
LH:0
BRF:0
BRH:0
end_of_record
TN:
SF:src\modules\shipping\shipping.module.ts
FNF:0
FNH:0
DA:1,0
DA:2,0
DA:3,0
DA:4,0
DA:5,0
DA:6,0
DA:7,0
DA:8,0
DA:9,0
DA:17,0
LF:10
LH:0
BRF:0
BRH:0
end_of_record
TN:
SF:src\modules\shipping\shipping.service.ts
FN:41,(anonymous_4)
FN:62,(anonymous_5)
FN:115,(anonymous_6)
FN:148,(anonymous_7)
FN:194,(anonymous_8)
FN:213,(anonymous_9)
FN:226,(anonymous_10)
FN:282,(anonymous_11)
FN:306,(anonymous_12)
FN:319,(anonymous_13)
FN:336,(anonymous_14)
FN:363,(anonymous_15)
FNF:12
FNH:0
FNDA:0,(anonymous_4)
FNDA:0,(anonymous_5)
FNDA:0,(anonymous_6)
FNDA:0,(anonymous_7)
FNDA:0,(anonymous_8)
FNDA:0,(anonymous_9)
FNDA:0,(anonymous_10)
FNDA:0,(anonymous_11)
FNDA:0,(anonymous_12)
FNDA:0,(anonymous_13)
FNDA:0,(anonymous_14)
FNDA:0,(anonymous_15)
DA:1,0
DA:10,0
DA:11,0
DA:12,0
DA:13,0
DA:14,0
DA:15,0
DA:16,0
DA:17,0
DA:18,0
DA:19,0
DA:20,0
DA:29,0
DA:30,0
DA:43,0
DA:45,0
DA:46,0
DA:47,0
DA:48,0
DA:50,0
DA:51,0
DA:52,0
DA:54,0
DA:55,0
DA:56,0
DA:57,0
DA:66,0
DA:67,0
DA:69,0
DA:70,0
DA:73,0
DA:74,0
DA:75,0
DA:78,0
DA:79,0
DA:81,0
DA:87,0
DA:89,0
DA:90,0
DA:92,0
DA:93,0
DA:94,0
DA:103,0
DA:105,0
DA:126,0
DA:127,0
DA:129,0
DA:130,0
DA:133,0
DA:134,0
DA:136,0
DA:152,0
DA:153,0
DA:155,0
DA:159,0
DA:160,0
DA:161,0
DA:162,0
DA:165,0
DA:169,0
DA:170,0
DA:171,0
DA:173,0
DA:176,0
DA:178,0
DA:182,0
DA:184,0
DA:185,0
DA:186,0
DA:188,0
DA:194,0
DA:195,0
DA:200,0
DA:202,0
DA:203,0
DA:204,0
DA:206,0
DA:214,0
DA:216,0
DA:220,0
DA:222,0
DA:232,0
DA:235,0
DA:236,0
DA:237,0
DA:240,0
DA:241,0
DA:243,0
DA:244,0
DA:245,0
DA:246,0
DA:247,0
DA:248,0
DA:249,0
DA:250,0
DA:251,0
DA:260,0
DA:261,0
DA:263,0
DA:264,0
DA:273,0
DA:274,0
DA:277,0
DA:283,0
DA:284,0
DA:285,0
DA:288,0
DA:299,0
DA:303,0
DA:307,0
DA:308,0
DA:309,0
DA:310,0
DA:312,0
DA:313,0
DA:314,0
DA:320,0
DA:321,0
DA:322,0
DA:325,0
DA:332,0
DA:333,0
DA:337,0
DA:338,0
DA:340,0
DA:341,0
DA:342,0
DA:343,0
DA:345,0
DA:346,0
DA:347,0
DA:348,0
DA:349,0
DA:351,0
DA:352,0
DA:353,0
DA:360,0
DA:364,0
DA:365,0
DA:366,0
DA:367,0
DA:368,0
DA:369,0
LF:143
LH:0
BRDA:50,0,0,0
BRDA:50,0,1,0
BRDA:51,1,0,0
BRDA:51,1,1,0
BRDA:54,2,0,0
BRDA:54,2,1,0
BRDA:55,3,0,0
BRDA:55,3,1,0
BRDA:56,4,0,0
BRDA:56,4,1,0
BRDA:67,5,0,0
BRDA:69,6,0,0
BRDA:73,7,0,0
BRDA:73,7,1,0
BRDA:74,8,0,0
BRDA:79,9,0,0
BRDA:92,10,0,0
BRDA:92,10,1,0
BRDA:93,11,0,0
BRDA:127,12,0,0
BRDA:129,13,0,0
BRDA:129,14,0,0
BRDA:129,14,1,0
BRDA:134,15,0,0
BRDA:140,16,0,0
BRDA:140,16,1,0
BRDA:141,17,0,0
BRDA:141,17,1,0
BRDA:142,18,0,0
BRDA:142,18,1,0
BRDA:152,19,0,0
BRDA:152,19,1,0
BRDA:153,20,0,0
BRDA:159,21,0,0
BRDA:159,21,1,0
BRDA:161,22,0,0
BRDA:161,23,0,0
BRDA:161,23,1,0
BRDA:170,24,0,0
BRDA:170,24,1,0
BRDA:176,25,0,0
BRDA:182,26,0,0
BRDA:184,27,0,0
BRDA:184,27,1,0
BRDA:184,27,2,0
BRDA:185,28,0,0
BRDA:185,28,1,0
BRDA:216,29,0,0
BRDA:216,29,1,0
BRDA:232,30,0,0
BRDA:232,30,1,0
BRDA:235,31,0,0
BRDA:243,32,0,0
BRDA:243,32,1,0
BRDA:243,33,0,0
BRDA:243,33,1,0
BRDA:249,34,0,0
BRDA:249,34,1,0
BRDA:250,35,0,0
BRDA:260,36,0,0
BRDA:260,36,1,0
BRDA:260,37,0,0
BRDA:260,37,1,0
BRDA:273,38,0,0
BRDA:273,39,0,0
BRDA:273,39,1,0
BRDA:283,40,0,0
BRDA:299,41,0,0
BRDA:299,41,1,0
BRDA:299,41,2,0
BRDA:308,42,0,0
BRDA:309,43,0,0
BRDA:309,44,0,0
BRDA:309,44,1,0
BRDA:309,44,2,0
BRDA:312,45,0,0
BRDA:312,46,0,0
BRDA:312,46,1,0
BRDA:320,47,0,0
BRDA:332,48,0,0
BRDA:332,48,1,0
BRDA:332,48,2,0
BRDA:333,49,0,0
BRDA:333,49,1,0
BRDA:337,50,0,0
BRDA:341,51,0,0
BRDA:342,52,0,0
BRDA:346,53,0,0
BRDA:354,54,0,0
BRDA:354,54,1,0
BRDA:365,55,0,0
BRDA:366,56,0,0
BRDA:367,57,0,0
BRF:93
BRH:0
end_of_record
TN:
SF:src\modules\shipping\dto\register-tracking.dto.ts
FNF:0
FNH:0
DA:1,0
DA:2,0
DA:4,0
DA:6,0
DA:9,0
DA:13,0
LF:6
LH:0
BRF:0
BRH:0
end_of_record
TN:
SF:src\modules\transactions\transactions.controller.ts
FN:19,(anonymous_4)
FN:23,(anonymous_5)
FN:29,(anonymous_6)
FN:35,(anonymous_7)
FN:41,(anonymous_8)
FN:48,(anonymous_9)
FN:55,(anonymous_10)
FN:62,(anonymous_11)
FN:69,(anonymous_12)
FN:74,(anonymous_13)
FNF:10
FNH:0
FNDA:0,(anonymous_4)
FNDA:0,(anonymous_5)
FNDA:0,(anonymous_6)
FNDA:0,(anonymous_7)
FNDA:0,(anonymous_8)
FNDA:0,(anonymous_9)
FNDA:0,(anonymous_10)
FNDA:0,(anonymous_11)
FNDA:0,(anonymous_12)
FNDA:0,(anonymous_13)
DA:1,0
DA:12,0
DA:13,0
DA:14,0
DA:15,0
DA:18,0
DA:19,0
DA:23,0
DA:24,0
DA:29,0
DA:30,0
DA:35,0
DA:36,0
DA:41,0
DA:42,0
DA:48,0
DA:49,0
DA:55,0
DA:56,0
DA:62,0
DA:63,0
DA:69,0
DA:70,0
DA:74,0
DA:75,0
LF:25
LH:0
BRF:0
BRH:0
end_of_record
TN:
SF:src\modules\transactions\transactions.module.ts
FNF:0
FNH:0
DA:1,0
DA:2,0
DA:3,0
DA:4,0
DA:5,0
DA:13,0
LF:6
LH:0
BRF:0
BRH:0
end_of_record
TN:
SF:src\modules\transactions\transactions.service.ts
FN:17,(anonymous_4)
FN:22,(anonymous_5)
FN:43,(anonymous_6)
FN:52,(anonymous_7)
FN:61,(anonymous_8)
FN:71,(anonymous_9)
FN:93,(anonymous_10)
FN:110,(anonymous_11)
FN:125,(anonymous_12)
FN:144,(anonymous_13)
FN:161,(anonymous_14)
FN:169,(anonymous_15)
FN:178,(anonymous_16)
FN:184,(anonymous_17)
FNF:14
FNH:14
FNDA:34,(anonymous_4)
FNDA:7,(anonymous_5)
FNDA:20,(anonymous_6)
FNDA:2,(anonymous_7)
FNDA:2,(anonymous_8)
FNDA:2,(anonymous_9)
FNDA:3,(anonymous_10)
FNDA:6,(anonymous_11)
FNDA:5,(anonymous_12)
FNDA:3,(anonymous_13)
FNDA:1,(anonymous_14)
FNDA:1,(anonymous_15)
FNDA:7,(anonymous_16)
FNDA:7,(anonymous_17)
DA:1,2
DA:7,2
DA:8,2
DA:9,2
DA:10,2
DA:11,2
DA:12,2
DA:16,2
DA:19,34
DA:23,7
DA:24,7
DA:25,7
DA:27,7
DA:40,7
DA:44,20
DA:48,20
DA:49,19
DA:53,2
DA:62,2
DA:72,2
DA:76,2
DA:78,1
DA:94,3
DA:96,3
DA:97,1
DA:99,2
DA:100,1
DA:103,1
DA:104,1
DA:105,1
DA:106,1
DA:107,1
DA:111,6
DA:113,6
DA:114,1
DA:116,5
DA:117,5
DA:118,1
DA:121,4
DA:122,4
DA:126,5
DA:128,5
DA:129,1
DA:131,4
DA:132,1
DA:134,3
DA:135,3
DA:136,1
DA:139,2
DA:140,2
DA:141,2
DA:145,3
DA:147,3
DA:148,1
DA:150,2
DA:151,1
DA:154,1
DA:155,1
DA:161,2
DA:162,1
DA:169,2
DA:170,1
DA:179,7
DA:180,5
DA:181,2
DA:187,7
DA:188,7
DA:189,7
DA:191,7
LF:69
LH:69
BRDA:48,0,0,1
BRDA:76,1,0,1
BRDA:96,2,0,1
BRDA:99,3,0,1
BRDA:113,4,0,1
BRDA:113,5,0,6
BRDA:113,5,1,1
BRDA:117,6,0,1
BRDA:128,7,0,1
BRDA:131,8,0,1
BRDA:134,9,0,2
BRDA:134,9,1,1
BRDA:135,10,0,1
BRDA:147,11,0,1
BRDA:147,12,0,3
BRDA:147,12,1,1
BRDA:150,13,0,1
BRDA:179,14,0,2
BRDA:180,15,0,3
BRF:19
BRH:19
end_of_record
TN:
SF:src\modules\transactions\dto\create-transaction.dto.ts
FNF:0
FNH:0
DA:1,0
DA:10,0
DA:12,0
DA:14,0
DA:17,0
DA:22,0
DA:25,0
DA:30,0
LF:8
LH:0
BRF:0
BRH:0
end_of_record
TN:
SF:src\modules\users\users.controller.ts
FN:22,(anonymous_4)
FN:26,(anonymous_5)
FN:32,(anonymous_6)
FN:38,(anonymous_7)
FN:43,(anonymous_8)
FN:49,(anonymous_9)
FN:55,(anonymous_10)
FN:64,(anonymous_11)
FN:70,(anonymous_12)
FNF:9
FNH:0
FNDA:0,(anonymous_4)
FNDA:0,(anonymous_5)
FNDA:0,(anonymous_6)
FNDA:0,(anonymous_7)
FNDA:0,(anonymous_8)
FNDA:0,(anonymous_9)
FNDA:0,(anonymous_10)
FNDA:0,(anonymous_11)
FNDA:0,(anonymous_12)
DA:1,0
DA:14,0
DA:15,0
DA:16,0
DA:17,0
DA:18,0
DA:21,0
DA:22,0
DA:26,0
DA:27,0
DA:32,0
DA:33,0
DA:38,0
DA:39,0
DA:43,0
DA:44,0
DA:49,0
DA:50,0
DA:55,0
DA:59,0
DA:64,0
DA:65,0
DA:70,0
DA:71,0
LF:24
LH:0
BRF:0
BRH:0
end_of_record
TN:
SF:src\modules\users\users.module.ts
FNF:0
FNH:0
DA:1,0
DA:2,0
DA:3,0
DA:4,0
DA:5,0
DA:6,0
DA:7,0
DA:15,0
LF:8
LH:0
BRF:0
BRH:0
end_of_record
TN:
SF:src\modules\users\users.service.ts
FN:18,(anonymous_4)
FN:30,(anonymous_5)
FN:36,(anonymous_6)
FN:42,(anonymous_7)
FN:61,(anonymous_8)
FN:66,(anonymous_9)
FN:79,(anonymous_10)
FN:104,(anonymous_11)
FN:109,(anonymous_12)
FN:116,(anonymous_13)
FN:124,(anonymous_14)
FNF:11
FNH:0
FNDA:0,(anonymous_4)
FNDA:0,(anonymous_5)
FNDA:0,(anonymous_6)
FNDA:0,(anonymous_7)
FNDA:0,(anonymous_8)
FNDA:0,(anonymous_9)
FNDA:0,(anonymous_10)
FNDA:0,(anonymous_11)
FNDA:0,(anonymous_12)
FNDA:0,(anonymous_13)
FNDA:0,(anonymous_14)
DA:1,1
DA:2,1
DA:3,1
DA:4,1
DA:5,1
DA:6,1
DA:7,1
DA:8,1
DA:12,1
DA:20,0
DA:21,0
DA:22,0
DA:24,0
DA:25,0
DA:26,0
DA:27,0
DA:31,0
DA:32,0
DA:33,0
DA:37,0
DA:38,0
DA:39,0
DA:43,0
DA:44,0
DA:45,0
DA:47,0
DA:49,0
DA:50,0
DA:51,0
DA:52,0
DA:53,0
DA:55,0
DA:56,0
DA:58,0
DA:62,0
DA:63,0
DA:67,0
DA:68,0
DA:70,0
DA:76,0
DA:80,0
DA:81,0
DA:84,0
DA:85,0
DA:97,0
DA:99,0
DA:100,0
DA:101,0
DA:105,0
DA:106,0
DA:110,0
DA:111,0
DA:117,0
DA:118,0
DA:119,0
DA:120,0
DA:121,0
DA:125,0
DA:126,0
DA:127,0
DA:132,0
LF:61
LH:9
BRDA:24,0,0,0
BRDA:24,0,1,0
BRDA:25,1,0,0
BRDA:25,1,1,0
BRDA:26,2,0,0
BRDA:26,2,1,0
BRDA:27,3,0,0
BRDA:27,3,1,0
BRDA:32,4,0,0
BRDA:47,5,0,0
BRDA:53,6,0,0
BRDA:53,6,1,0
BRDA:56,7,0,0
BRDA:56,7,1,0
BRDA:56,8,0,0
BRDA:56,8,1,0
BRDA:67,9,0,0
BRDA:80,10,0,0
BRDA:80,11,0,0
BRDA:80,11,1,0
BRF:20
BRH:0
end_of_record
TN:
SF:src\modules\users\dto\update-profile.dto.ts
FNF:0
FNH:0
DA:1,0
DA:3,0
DA:8,0
DA:12,0
DA:16,0
LF:5
LH:0
BRF:0
BRH:0
end_of_record
TN:
SF:src\modules\users\dto\validate-rut.dto.ts
FNF:0
FNH:0
DA:1,0
DA:3,0
DA:8,0
LF:3
LH:0
BRF:0
BRH:0
end_of_record
